Analysis & Synthesis report for projeto_lic
Wed Apr 06 15:27:02 2022
Quartus Prime Version 20.1.1 Build 720 11/11/2020 SJ Lite Edition


---------------------
; Table of Contents ;
---------------------
  1. Legal Notice
  2. Analysis & Synthesis Summary
  3. Analysis & Synthesis Settings
  4. Parallel Compilation
  5. Analysis & Synthesis Source Files Read
  6. Analysis & Synthesis Resource Usage Summary
  7. Analysis & Synthesis Resource Utilization by Entity
  8. State Machine - |IOS|dispatcher:u_dispatcher|CS
  9. State Machine - |IOS|serial_receiver:u_serial_receiver|serial_control:u_serial_control|CS
 10. Registers Removed During Synthesis
 11. Removed Registers Triggering Further Register Optimizations
 12. General Register Statistics
 13. Multiplexer Restructuring Statistics (Restructuring Performed)
 14. Port Connectivity Checks: "dispatcher:u_dispatcher"
 15. Port Connectivity Checks: "serial_receiver:u_serial_receiver|serial_control:u_serial_control"
 16. Port Connectivity Checks: "serial_receiver:u_serial_receiver|parity_check:u_parity_check|FFD:u_ffd0"
 17. Port Connectivity Checks: "serial_receiver:u_serial_receiver|counter:u_counter|adder:u_adder"
 18. Port Connectivity Checks: "serial_receiver:u_serial_receiver|counter:u_counter|reg:u_reg|FFD:u_FFD3"
 19. Port Connectivity Checks: "serial_receiver:u_serial_receiver|counter:u_counter|reg:u_reg|FFD:u_FFD2"
 20. Port Connectivity Checks: "serial_receiver:u_serial_receiver|counter:u_counter|reg:u_reg|FFD:u_FFD1"
 21. Port Connectivity Checks: "serial_receiver:u_serial_receiver|counter:u_counter|reg:u_reg|FFD:u_FFD0"
 22. Port Connectivity Checks: "serial_receiver:u_serial_receiver|shift_register:u_shift_register|FFD:u_ffd9"
 23. Port Connectivity Checks: "serial_receiver:u_serial_receiver|shift_register:u_shift_register|FFD:u_ffd8"
 24. Port Connectivity Checks: "serial_receiver:u_serial_receiver|shift_register:u_shift_register|FFD:u_ffd7"
 25. Port Connectivity Checks: "serial_receiver:u_serial_receiver|shift_register:u_shift_register|FFD:u_ffd6"
 26. Port Connectivity Checks: "serial_receiver:u_serial_receiver|shift_register:u_shift_register|FFD:u_ffd5"
 27. Port Connectivity Checks: "serial_receiver:u_serial_receiver|shift_register:u_shift_register|FFD:u_ffd4"
 28. Port Connectivity Checks: "serial_receiver:u_serial_receiver|shift_register:u_shift_register|FFD:u_ffd3"
 29. Port Connectivity Checks: "serial_receiver:u_serial_receiver|shift_register:u_shift_register|FFD:u_ffd2"
 30. Port Connectivity Checks: "serial_receiver:u_serial_receiver|shift_register:u_shift_register|FFD:u_ffd1"
 31. Port Connectivity Checks: "serial_receiver:u_serial_receiver|shift_register:u_shift_register|FFD:u_ffd0"
 32. Post-Synthesis Netlist Statistics for Top Partition
 33. Elapsed Time Per Partition
 34. Analysis & Synthesis Messages



----------------
; Legal Notice ;
----------------
Copyright (C) 2020  Intel Corporation. All rights reserved.
Your use of Intel Corporation's design tools, logic functions 
and other software and tools, and any partner logic 
functions, and any output files from any of the foregoing 
(including device programming or simulation files), and any 
associated documentation or information are expressly subject 
to the terms and conditions of the Intel Program License 
Subscription Agreement, the Intel Quartus Prime License Agreement,
the Intel FPGA IP License Agreement, or other applicable license
agreement, including, without limitation, that your use is for
the sole purpose of programming logic devices manufactured by
Intel and sold by Intel or its authorized distributors.  Please
refer to the applicable agreement for further details, at
https://fpgasoftware.intel.com/eula.



+----------------------------------------------------------------------------------+
; Analysis & Synthesis Summary                                                     ;
+------------------------------------+---------------------------------------------+
; Analysis & Synthesis Status        ; Successful - Wed Apr 06 15:27:02 2022       ;
; Quartus Prime Version              ; 20.1.1 Build 720 11/11/2020 SJ Lite Edition ;
; Revision Name                      ; projeto_lic                                 ;
; Top-level Entity Name              ; IOS                                         ;
; Family                             ; MAX 10                                      ;
; Total logic elements               ; 0                                           ;
;     Total combinational functions  ; 0                                           ;
;     Dedicated logic registers      ; 0                                           ;
; Total registers                    ; 0                                           ;
; Total pins                         ; 16                                          ;
; Total virtual pins                 ; 0                                           ;
; Total memory bits                  ; 0                                           ;
; Embedded Multiplier 9-bit elements ; 0                                           ;
; Total PLLs                         ; 0                                           ;
; UFM blocks                         ; 0                                           ;
; ADC blocks                         ; 0                                           ;
+------------------------------------+---------------------------------------------+


+------------------------------------------------------------------------------------------------------------+
; Analysis & Synthesis Settings                                                                              ;
+------------------------------------------------------------------+--------------------+--------------------+
; Option                                                           ; Setting            ; Default Value      ;
+------------------------------------------------------------------+--------------------+--------------------+
; Device                                                           ; 10M50DAF484C6GES   ;                    ;
; Top-level entity name                                            ; IOS                ; projeto_lic        ;
; Family name                                                      ; MAX 10             ; Cyclone V          ;
; Use smart compilation                                            ; Off                ; Off                ;
; Enable parallel Assembler and Timing Analyzer during compilation ; On                 ; On                 ;
; Enable compact report table                                      ; Off                ; Off                ;
; Restructure Multiplexers                                         ; Auto               ; Auto               ;
; Create Debugging Nodes for IP Cores                              ; Off                ; Off                ;
; Preserve fewer node names                                        ; On                 ; On                 ;
; Intel FPGA IP Evaluation Mode                                    ; Enable             ; Enable             ;
; Verilog Version                                                  ; Verilog_2001       ; Verilog_2001       ;
; VHDL Version                                                     ; VHDL_1993          ; VHDL_1993          ;
; State Machine Processing                                         ; Auto               ; Auto               ;
; Safe State Machine                                               ; Off                ; Off                ;
; Extract Verilog State Machines                                   ; On                 ; On                 ;
; Extract VHDL State Machines                                      ; On                 ; On                 ;
; Ignore Verilog initial constructs                                ; Off                ; Off                ;
; Iteration limit for constant Verilog loops                       ; 5000               ; 5000               ;
; Iteration limit for non-constant Verilog loops                   ; 250                ; 250                ;
; Add Pass-Through Logic to Inferred RAMs                          ; On                 ; On                 ;
; Infer RAMs from Raw Logic                                        ; On                 ; On                 ;
; Parallel Synthesis                                               ; On                 ; On                 ;
; DSP Block Balancing                                              ; Auto               ; Auto               ;
; NOT Gate Push-Back                                               ; On                 ; On                 ;
; Power-Up Don't Care                                              ; On                 ; On                 ;
; Remove Redundant Logic Cells                                     ; Off                ; Off                ;
; Remove Duplicate Registers                                       ; On                 ; On                 ;
; Ignore CARRY Buffers                                             ; Off                ; Off                ;
; Ignore CASCADE Buffers                                           ; Off                ; Off                ;
; Ignore GLOBAL Buffers                                            ; Off                ; Off                ;
; Ignore ROW GLOBAL Buffers                                        ; Off                ; Off                ;
; Ignore LCELL Buffers                                             ; Off                ; Off                ;
; Ignore SOFT Buffers                                              ; On                 ; On                 ;
; Limit AHDL Integers to 32 Bits                                   ; Off                ; Off                ;
; Optimization Technique                                           ; Balanced           ; Balanced           ;
; Carry Chain Length                                               ; 70                 ; 70                 ;
; Auto Carry Chains                                                ; On                 ; On                 ;
; Auto Open-Drain Pins                                             ; On                 ; On                 ;
; Perform WYSIWYG Primitive Resynthesis                            ; Off                ; Off                ;
; Auto ROM Replacement                                             ; On                 ; On                 ;
; Auto RAM Replacement                                             ; On                 ; On                 ;
; Auto DSP Block Replacement                                       ; On                 ; On                 ;
; Auto Shift Register Replacement                                  ; Auto               ; Auto               ;
; Allow Shift Register Merging across Hierarchies                  ; Auto               ; Auto               ;
; Auto Clock Enable Replacement                                    ; On                 ; On                 ;
; Strict RAM Replacement                                           ; Off                ; Off                ;
; Allow Synchronous Control Signals                                ; On                 ; On                 ;
; Force Use of Synchronous Clear Signals                           ; Off                ; Off                ;
; Auto RAM Block Balancing                                         ; On                 ; On                 ;
; Auto RAM to Logic Cell Conversion                                ; Off                ; Off                ;
; Auto Resource Sharing                                            ; Off                ; Off                ;
; Allow Any RAM Size For Recognition                               ; Off                ; Off                ;
; Allow Any ROM Size For Recognition                               ; Off                ; Off                ;
; Allow Any Shift Register Size For Recognition                    ; Off                ; Off                ;
; Use LogicLock Constraints during Resource Balancing              ; On                 ; On                 ;
; Ignore translate_off and synthesis_off directives                ; Off                ; Off                ;
; Timing-Driven Synthesis                                          ; On                 ; On                 ;
; Report Parameter Settings                                        ; On                 ; On                 ;
; Report Source Assignments                                        ; On                 ; On                 ;
; Report Connectivity Checks                                       ; On                 ; On                 ;
; Ignore Maximum Fan-Out Assignments                               ; Off                ; Off                ;
; Synchronization Register Chain Length                            ; 2                  ; 2                  ;
; Power Optimization During Synthesis                              ; Normal compilation ; Normal compilation ;
; HDL message level                                                ; Level2             ; Level2             ;
; Suppress Register Optimization Related Messages                  ; Off                ; Off                ;
; Number of Removed Registers Reported in Synthesis Report         ; 5000               ; 5000               ;
; Number of Swept Nodes Reported in Synthesis Report               ; 5000               ; 5000               ;
; Number of Inverted Registers Reported in Synthesis Report        ; 100                ; 100                ;
; Clock MUX Protection                                             ; On                 ; On                 ;
; Auto Gated Clock Conversion                                      ; Off                ; Off                ;
; Block Design Naming                                              ; Auto               ; Auto               ;
; SDC constraint protection                                        ; Off                ; Off                ;
; Synthesis Effort                                                 ; Auto               ; Auto               ;
; Shift Register Replacement - Allow Asynchronous Clear Signal     ; On                 ; On                 ;
; Pre-Mapping Resynthesis Optimization                             ; Off                ; Off                ;
; Analysis & Synthesis Message Level                               ; Medium             ; Medium             ;
; Disable Register Merging Across Hierarchies                      ; Auto               ; Auto               ;
; Resource Aware Inference For Block RAM                           ; On                 ; On                 ;
+------------------------------------------------------------------+--------------------+--------------------+


+------------------------------------------+
; Parallel Compilation                     ;
+----------------------------+-------------+
; Processors                 ; Number      ;
+----------------------------+-------------+
; Number detected on machine ; 4           ;
; Maximum allowed            ; 2           ;
;                            ;             ;
; Average used               ; 1.00        ;
; Maximum used               ; 1           ;
;                            ;             ;
; Usage by Processor         ; % Time Used ;
;     Processor 1            ; 100.0%      ;
+----------------------------+-------------+


+------------------------------------------------------------------------------------------------------------------------------------------------------------+
; Analysis & Synthesis Source Files Read                                                                                                                     ;
+----------------------------------+-----------------+-----------------+---------------------------------------------------------------------------+---------+
; File Name with User-Entered Path ; Used in Netlist ; File Type       ; File Name with Absolute Path                                              ; Library ;
+----------------------------------+-----------------+-----------------+---------------------------------------------------------------------------+---------+
; IOS.vhd                          ; yes             ; User VHDL File  ; C:/Users/roby/Documents/ISEL/Projeto-LIC/hardware/LIC/IOS.vhd             ;         ;
; shift_register.vhd               ; yes             ; User VHDL File  ; C:/Users/roby/Documents/ISEL/Projeto-LIC/hardware/LIC/shift_register.vhd  ;         ;
; FFD.vhd                          ; yes             ; User VHDL File  ; C:/Users/roby/Documents/ISEL/Projeto-LIC/hardware/LIC/FFD.vhd             ;         ;
; counter.vhd                      ; yes             ; User VHDL File  ; C:/Users/roby/Documents/ISEL/Projeto-LIC/hardware/LIC/counter.vhd         ;         ;
; parity_check.vhd                 ; yes             ; User VHDL File  ; C:/Users/roby/Documents/ISEL/Projeto-LIC/hardware/LIC/parity_check.vhd    ;         ;
; adder.vhd                        ; yes             ; User VHDL File  ; C:/Users/roby/Documents/ISEL/Projeto-LIC/hardware/LIC/adder.vhd           ;         ;
; fulladder.vhd                    ; yes             ; User VHDL File  ; C:/Users/roby/Documents/ISEL/Projeto-LIC/hardware/LIC/fulladder.vhd       ;         ;
; register.vhd                     ; yes             ; User VHDL File  ; C:/Users/roby/Documents/ISEL/Projeto-LIC/hardware/LIC/register.vhd        ;         ;
; serial_control.vhd               ; yes             ; User VHDL File  ; C:/Users/roby/Documents/ISEL/Projeto-LIC/hardware/LIC/serial_control.vhd  ;         ;
; serial_receiver.vhd              ; yes             ; User VHDL File  ; C:/Users/roby/Documents/ISEL/Projeto-LIC/hardware/LIC/serial_receiver.vhd ;         ;
; dispatcher.vhd                   ; yes             ; User VHDL File  ; C:/Users/roby/Documents/ISEL/Projeto-LIC/hardware/LIC/dispatcher.vhd      ;         ;
+----------------------------------+-----------------+-----------------+---------------------------------------------------------------------------+---------+


+-----------------------------------------------------+
; Analysis & Synthesis Resource Usage Summary         ;
+---------------------------------------------+-------+
; Resource                                    ; Usage ;
+---------------------------------------------+-------+
;                                             ;       ;
; Total combinational functions               ; 0     ;
; Logic element usage by number of LUT inputs ;       ;
;     -- 4 input functions                    ; 0     ;
;     -- 3 input functions                    ; 0     ;
;     -- <=2 input functions                  ; 0     ;
;                                             ;       ;
; Logic elements by mode                      ;       ;
;     -- normal mode                          ; 0     ;
;     -- arithmetic mode                      ; 0     ;
;                                             ;       ;
; Total registers                             ; 0     ;
;     -- Dedicated logic registers            ; 0     ;
;     -- I/O registers                        ; 0     ;
;                                             ;       ;
; I/O pins                                    ; 16    ;
;                                             ;       ;
; Embedded Multiplier 9-bit elements          ; 0     ;
;                                             ;       ;
; Maximum fan-out node                        ; Fsh   ;
; Maximum fan-out                             ; 1     ;
; Total fan-out                               ; 16    ;
; Average fan-out                             ; 0.50  ;
+---------------------------------------------+-------+


+------------------------------------------------------------------------------------------------------------------------------------------------------------------------------------------------------------------------------------+
; Analysis & Synthesis Resource Utilization by Entity                                                                                                                                                                                ;
+----------------------------+---------------------+---------------------------+-------------+------------+--------------+---------+-----------+------+--------------+------------+---------------------+-------------+--------------+
; Compilation Hierarchy Node ; Combinational ALUTs ; Dedicated Logic Registers ; Memory Bits ; UFM Blocks ; DSP Elements ; DSP 9x9 ; DSP 18x18 ; Pins ; Virtual Pins ; ADC blocks ; Full Hierarchy Name ; Entity Name ; Library Name ;
+----------------------------+---------------------+---------------------------+-------------+------------+--------------+---------+-----------+------+--------------+------------+---------------------+-------------+--------------+
; |IOS                       ; 0 (0)               ; 0 (0)                     ; 0           ; 0          ; 0            ; 0       ; 0         ; 16   ; 0            ; 0          ; |IOS                ; IOS         ; work         ;
+----------------------------+---------------------+---------------------------+-------------+------------+--------------+---------+-----------+------+--------------+------------+---------------------+-------------+--------------+
Note: For table entries with two numbers listed, the numbers in parentheses indicate the number of resources of the given type used by the specific entity alone. The numbers listed outside of parentheses indicate the total resources of the given type used by the specific entity and all of its sub-entities in the hierarchy.


Encoding Type:  One-Hot
+--------------------------------------------------------------------------------------------------------------+
; State Machine - |IOS|dispatcher:u_dispatcher|CS                                                              ;
+-------------------------+--------------+----------------------+-------------------------+--------------------+
; Name                    ; CS.STATE_END ; CS.STATE_SENDING_LCD ; CS.STATE_SENDING_TICKET ; CS.STATE_AVAILABLE ;
+-------------------------+--------------+----------------------+-------------------------+--------------------+
; CS.STATE_AVAILABLE      ; 0            ; 0                    ; 0                       ; 0                  ;
; CS.STATE_SENDING_TICKET ; 0            ; 0                    ; 1                       ; 1                  ;
; CS.STATE_SENDING_LCD    ; 0            ; 1                    ; 0                       ; 1                  ;
; CS.STATE_END            ; 1            ; 0                    ; 0                       ; 1                  ;
+-------------------------+--------------+----------------------+-------------------------+--------------------+


Encoding Type:  One-Hot
+-------------------------------------------------------------------------------------------------+
; State Machine - |IOS|serial_receiver:u_serial_receiver|serial_control:u_serial_control|CS       ;
+--------------------+--------------+-------------------+--------------------+--------------------+
; Name               ; CS.STATE_END ; CS.STATE_RECEIVED ; CS.STATE_RECEIVING ; CS.STATE_AVAILABLE ;
+--------------------+--------------+-------------------+--------------------+--------------------+
; CS.STATE_AVAILABLE ; 0            ; 0                 ; 0                  ; 0                  ;
; CS.STATE_RECEIVING ; 0            ; 0                 ; 1                  ; 1                  ;
; CS.STATE_RECEIVED  ; 0            ; 1                 ; 0                  ; 1                  ;
; CS.STATE_END       ; 1            ; 0                 ; 0                  ; 1                  ;
+--------------------+--------------+-------------------+--------------------+--------------------+


+-----------------------------------------------------------------------------------------------------------------------------+
; Registers Removed During Synthesis                                                                                          ;
+--------------------------------------------------------------------------------------+--------------------------------------+
; Register name                                                                        ; Reason for Removal                   ;
+--------------------------------------------------------------------------------------+--------------------------------------+
; dispatcher:u_dispatcher|CS.STATE_AVAILABLE                                           ; Stuck at GND due to stuck port clock ;
; dispatcher:u_dispatcher|CS.STATE_SENDING_TICKET                                      ; Stuck at GND due to stuck port clock ;
; dispatcher:u_dispatcher|CS.STATE_SENDING_LCD                                         ; Stuck at GND due to stuck port clock ;
; serial_receiver:u_serial_receiver|shift_register:u_shift_register|FFD:u_ffd9|Q       ; Lost fanout                          ;
; dispatcher:u_dispatcher|CS.STATE_END                                                 ; Stuck at GND due to stuck port clock ;
; serial_receiver:u_serial_receiver|shift_register:u_shift_register|FFD:u_ffd8|Q       ; Lost fanout                          ;
; serial_receiver:u_serial_receiver|shift_register:u_shift_register|FFD:u_ffd7|Q       ; Lost fanout                          ;
; serial_receiver:u_serial_receiver|shift_register:u_shift_register|FFD:u_ffd6|Q       ; Lost fanout                          ;
; serial_receiver:u_serial_receiver|shift_register:u_shift_register|FFD:u_ffd5|Q       ; Lost fanout                          ;
; serial_receiver:u_serial_receiver|shift_register:u_shift_register|FFD:u_ffd4|Q       ; Lost fanout                          ;
; serial_receiver:u_serial_receiver|shift_register:u_shift_register|FFD:u_ffd3|Q       ; Lost fanout                          ;
; serial_receiver:u_serial_receiver|shift_register:u_shift_register|FFD:u_ffd2|Q       ; Lost fanout                          ;
; serial_receiver:u_serial_receiver|shift_register:u_shift_register|FFD:u_ffd1|Q       ; Lost fanout                          ;
; serial_receiver:u_serial_receiver|shift_register:u_shift_register|FFD:u_ffd0|Q       ; Lost fanout                          ;
; serial_receiver:u_serial_receiver|parity_check:u_parity_check|FFD:u_ffd0|Q           ; Lost fanout                          ;
; serial_receiver:u_serial_receiver|counter:u_counter|reg:u_reg|FFD:u_FFD0|Q           ; Lost fanout                          ;
; serial_receiver:u_serial_receiver|counter:u_counter|reg:u_reg|FFD:u_FFD1|Q           ; Lost fanout                          ;
; serial_receiver:u_serial_receiver|counter:u_counter|reg:u_reg|FFD:u_FFD2|Q           ; Lost fanout                          ;
; serial_receiver:u_serial_receiver|counter:u_counter|reg:u_reg|FFD:u_FFD3|Q           ; Lost fanout                          ;
; serial_receiver:u_serial_receiver|serial_control:u_serial_control|CS.STATE_AVAILABLE ; Lost fanout                          ;
; serial_receiver:u_serial_receiver|serial_control:u_serial_control|CS.STATE_RECEIVING ; Lost fanout                          ;
; serial_receiver:u_serial_receiver|serial_control:u_serial_control|CS.STATE_RECEIVED  ; Lost fanout                          ;
; serial_receiver:u_serial_receiver|serial_control:u_serial_control|CS.STATE_END       ; Lost fanout                          ;
; Total Number of Removed Registers = 23                                               ;                                      ;
+--------------------------------------------------------------------------------------+--------------------------------------+


+-------------------------------------------------------------------------------------------------------------------------------------------------------------------+
; Removed Registers Triggering Further Register Optimizations                                                                                                       ;
+-------------------------------------------------+-------------------------+---------------------------------------------------------------------------------------+
; Register name                                   ; Reason for Removal      ; Registers Removed due to This Register                                                ;
+-------------------------------------------------+-------------------------+---------------------------------------------------------------------------------------+
; dispatcher:u_dispatcher|CS.STATE_SENDING_TICKET ; Stuck at GND            ; dispatcher:u_dispatcher|CS.STATE_END,                                                 ;
;                                                 ; due to stuck port clock ; serial_receiver:u_serial_receiver|shift_register:u_shift_register|FFD:u_ffd8|Q,       ;
;                                                 ;                         ; serial_receiver:u_serial_receiver|shift_register:u_shift_register|FFD:u_ffd7|Q,       ;
;                                                 ;                         ; serial_receiver:u_serial_receiver|shift_register:u_shift_register|FFD:u_ffd6|Q,       ;
;                                                 ;                         ; serial_receiver:u_serial_receiver|shift_register:u_shift_register|FFD:u_ffd5|Q,       ;
;                                                 ;                         ; serial_receiver:u_serial_receiver|shift_register:u_shift_register|FFD:u_ffd4|Q,       ;
;                                                 ;                         ; serial_receiver:u_serial_receiver|shift_register:u_shift_register|FFD:u_ffd3|Q,       ;
;                                                 ;                         ; serial_receiver:u_serial_receiver|shift_register:u_shift_register|FFD:u_ffd2|Q,       ;
;                                                 ;                         ; serial_receiver:u_serial_receiver|shift_register:u_shift_register|FFD:u_ffd1|Q,       ;
;                                                 ;                         ; serial_receiver:u_serial_receiver|shift_register:u_shift_register|FFD:u_ffd0|Q,       ;
;                                                 ;                         ; serial_receiver:u_serial_receiver|parity_check:u_parity_check|FFD:u_ffd0|Q,           ;
;                                                 ;                         ; serial_receiver:u_serial_receiver|counter:u_counter|reg:u_reg|FFD:u_FFD0|Q,           ;
;                                                 ;                         ; serial_receiver:u_serial_receiver|serial_control:u_serial_control|CS.STATE_AVAILABLE, ;
;                                                 ;                         ; serial_receiver:u_serial_receiver|serial_control:u_serial_control|CS.STATE_RECEIVING  ;
; dispatcher:u_dispatcher|CS.STATE_AVAILABLE      ; Stuck at GND            ; serial_receiver:u_serial_receiver|shift_register:u_shift_register|FFD:u_ffd9|Q,       ;
;                                                 ; due to stuck port clock ; serial_receiver:u_serial_receiver|serial_control:u_serial_control|CS.STATE_END        ;
+-------------------------------------------------+-------------------------+---------------------------------------------------------------------------------------+


+------------------------------------------------------+
; General Register Statistics                          ;
+----------------------------------------------+-------+
; Statistic                                    ; Value ;
+----------------------------------------------+-------+
; Total registers                              ; 0     ;
; Number of registers using Synchronous Clear  ; 0     ;
; Number of registers using Synchronous Load   ; 0     ;
; Number of registers using Asynchronous Clear ; 0     ;
; Number of registers using Asynchronous Load  ; 0     ;
; Number of registers using Clock Enable       ; 0     ;
; Number of registers using Preset             ; 0     ;
+----------------------------------------------+-------+


+--------------------------------------------------------------------------------------------------------------------------------------------------------------------+
; Multiplexer Restructuring Statistics (Restructuring Performed)                                                                                                     ;
+--------------------+-----------+---------------+----------------------+------------------------+------------+------------------------------------------------------+
; Multiplexer Inputs ; Bus Width ; Baseline Area ; Area if Restructured ; Saving if Restructured ; Registered ; Example Multiplexer Output                           ;
+--------------------+-----------+---------------+----------------------+------------------------+------------+------------------------------------------------------+
; 3:1                ; 2 bits    ; 4 LEs         ; 2 LEs                ; 2 LEs                  ; No         ; |IOS|dispatcher:u_dispatcher|NS.STATE_SENDING_TICKET ;
+--------------------+-----------+---------------+----------------------+------------------------+------------+------------------------------------------------------+


+-------------------------------------------------------------------------------------------------------------------------------------------------------------------------+
; Port Connectivity Checks: "dispatcher:u_dispatcher"                                                                                                                     ;
+-------+-------+----------+----------------------------------------------------------------------------------------------------------------------------------------------+
; Port  ; Type  ; Severity ; Details                                                                                                                                      ;
+-------+-------+----------+----------------------------------------------------------------------------------------------------------------------------------------------+
; reset ; Input ; Warning  ; Declared by entity but not connected by instance. If a default value exists, it will be used.  Otherwise, the port will be connected to GND. ;
; clk   ; Input ; Warning  ; Declared by entity but not connected by instance. If a default value exists, it will be used.  Otherwise, the port will be connected to GND. ;
+-------+-------+----------+----------------------------------------------------------------------------------------------------------------------------------------------+


+-----------------------------------------------------------------------------------------------------------------+
; Port Connectivity Checks: "serial_receiver:u_serial_receiver|serial_control:u_serial_control"                   ;
+-------+--------+----------+-------------------------------------------------------------------------------------+
; Port  ; Type   ; Severity ; Details                                                                             ;
+-------+--------+----------+-------------------------------------------------------------------------------------+
; reset ; Input  ; Info     ; Stuck at GND                                                                        ;
; busy  ; Output ; Info     ; Connected to dangling logic. Logic that only feeds a dangling port will be removed. ;
+-------+--------+----------+-------------------------------------------------------------------------------------+


+------------------------------------------------------------------------------------------------------+
; Port Connectivity Checks: "serial_receiver:u_serial_receiver|parity_check:u_parity_check|FFD:u_ffd0" ;
+------+-------+----------+----------------------------------------------------------------------------+
; Port ; Type  ; Severity ; Details                                                                    ;
+------+-------+----------+----------------------------------------------------------------------------+
; set  ; Input ; Info     ; Stuck at GND                                                               ;
; en   ; Input ; Info     ; Stuck at VCC                                                               ;
+------+-------+----------+----------------------------------------------------------------------------+


+-------------------------------------------------------------------------------------------------------------------+
; Port Connectivity Checks: "serial_receiver:u_serial_receiver|counter:u_counter|adder:u_adder"                     ;
+---------+--------+----------+-------------------------------------------------------------------------------------+
; Port    ; Type   ; Severity ; Details                                                                             ;
+---------+--------+----------+-------------------------------------------------------------------------------------+
; b[3..1] ; Input  ; Info     ; Stuck at GND                                                                        ;
; b[0]    ; Input  ; Info     ; Stuck at VCC                                                                        ;
; cin     ; Input  ; Info     ; Stuck at GND                                                                        ;
; cout    ; Output ; Info     ; Connected to dangling logic. Logic that only feeds a dangling port will be removed. ;
+---------+--------+----------+-------------------------------------------------------------------------------------+


+------------------------------------------------------------------------------------------------------+
; Port Connectivity Checks: "serial_receiver:u_serial_receiver|counter:u_counter|reg:u_reg|FFD:u_FFD3" ;
+-------+-------+----------+---------------------------------------------------------------------------+
; Port  ; Type  ; Severity ; Details                                                                   ;
+-------+-------+----------+---------------------------------------------------------------------------+
; set   ; Input ; Info     ; Stuck at GND                                                              ;
; reset ; Input ; Info     ; Stuck at GND                                                              ;
+-------+-------+----------+---------------------------------------------------------------------------+


+------------------------------------------------------------------------------------------------------+
; Port Connectivity Checks: "serial_receiver:u_serial_receiver|counter:u_counter|reg:u_reg|FFD:u_FFD2" ;
+-------+-------+----------+---------------------------------------------------------------------------+
; Port  ; Type  ; Severity ; Details                                                                   ;
+-------+-------+----------+---------------------------------------------------------------------------+
; set   ; Input ; Info     ; Stuck at GND                                                              ;
; reset ; Input ; Info     ; Stuck at GND                                                              ;
+-------+-------+----------+---------------------------------------------------------------------------+


+------------------------------------------------------------------------------------------------------+
; Port Connectivity Checks: "serial_receiver:u_serial_receiver|counter:u_counter|reg:u_reg|FFD:u_FFD1" ;
+-------+-------+----------+---------------------------------------------------------------------------+
; Port  ; Type  ; Severity ; Details                                                                   ;
+-------+-------+----------+---------------------------------------------------------------------------+
; set   ; Input ; Info     ; Stuck at GND                                                              ;
; reset ; Input ; Info     ; Stuck at GND                                                              ;
+-------+-------+----------+---------------------------------------------------------------------------+


+------------------------------------------------------------------------------------------------------+
; Port Connectivity Checks: "serial_receiver:u_serial_receiver|counter:u_counter|reg:u_reg|FFD:u_FFD0" ;
+-------+-------+----------+---------------------------------------------------------------------------+
; Port  ; Type  ; Severity ; Details                                                                   ;
+-------+-------+----------+---------------------------------------------------------------------------+
; set   ; Input ; Info     ; Stuck at GND                                                              ;
; reset ; Input ; Info     ; Stuck at GND                                                              ;
+-------+-------+----------+---------------------------------------------------------------------------+


+----------------------------------------------------------------------------------------------------------+
; Port Connectivity Checks: "serial_receiver:u_serial_receiver|shift_register:u_shift_register|FFD:u_ffd9" ;
+-------+-------+----------+-------------------------------------------------------------------------------+
; Port  ; Type  ; Severity ; Details                                                                       ;
+-------+-------+----------+-------------------------------------------------------------------------------+
; reset ; Input ; Info     ; Stuck at GND                                                                  ;
; set   ; Input ; Info     ; Stuck at GND                                                                  ;
+-------+-------+----------+-------------------------------------------------------------------------------+


+----------------------------------------------------------------------------------------------------------+
; Port Connectivity Checks: "serial_receiver:u_serial_receiver|shift_register:u_shift_register|FFD:u_ffd8" ;
+-------+-------+----------+-------------------------------------------------------------------------------+
; Port  ; Type  ; Severity ; Details                                                                       ;
+-------+-------+----------+-------------------------------------------------------------------------------+
; reset ; Input ; Info     ; Stuck at GND                                                                  ;
; set   ; Input ; Info     ; Stuck at GND                                                                  ;
+-------+-------+----------+-------------------------------------------------------------------------------+


+----------------------------------------------------------------------------------------------------------+
; Port Connectivity Checks: "serial_receiver:u_serial_receiver|shift_register:u_shift_register|FFD:u_ffd7" ;
+-------+-------+----------+-------------------------------------------------------------------------------+
; Port  ; Type  ; Severity ; Details                                                                       ;
+-------+-------+----------+-------------------------------------------------------------------------------+
; reset ; Input ; Info     ; Stuck at GND                                                                  ;
; set   ; Input ; Info     ; Stuck at GND                                                                  ;
+-------+-------+----------+-------------------------------------------------------------------------------+


+----------------------------------------------------------------------------------------------------------+
; Port Connectivity Checks: "serial_receiver:u_serial_receiver|shift_register:u_shift_register|FFD:u_ffd6" ;
+-------+-------+----------+-------------------------------------------------------------------------------+
; Port  ; Type  ; Severity ; Details                                                                       ;
+-------+-------+----------+-------------------------------------------------------------------------------+
; reset ; Input ; Info     ; Stuck at GND                                                                  ;
; set   ; Input ; Info     ; Stuck at GND                                                                  ;
+-------+-------+----------+-------------------------------------------------------------------------------+


+----------------------------------------------------------------------------------------------------------+
; Port Connectivity Checks: "serial_receiver:u_serial_receiver|shift_register:u_shift_register|FFD:u_ffd5" ;
+-------+-------+----------+-------------------------------------------------------------------------------+
; Port  ; Type  ; Severity ; Details                                                                       ;
+-------+-------+----------+-------------------------------------------------------------------------------+
; reset ; Input ; Info     ; Stuck at GND                                                                  ;
; set   ; Input ; Info     ; Stuck at GND                                                                  ;
+-------+-------+----------+-------------------------------------------------------------------------------+


+----------------------------------------------------------------------------------------------------------+
; Port Connectivity Checks: "serial_receiver:u_serial_receiver|shift_register:u_shift_register|FFD:u_ffd4" ;
+-------+-------+----------+-------------------------------------------------------------------------------+
; Port  ; Type  ; Severity ; Details                                                                       ;
+-------+-------+----------+-------------------------------------------------------------------------------+
; reset ; Input ; Info     ; Stuck at GND                                                                  ;
; set   ; Input ; Info     ; Stuck at GND                                                                  ;
+-------+-------+----------+-------------------------------------------------------------------------------+


+----------------------------------------------------------------------------------------------------------+
; Port Connectivity Checks: "serial_receiver:u_serial_receiver|shift_register:u_shift_register|FFD:u_ffd3" ;
+-------+-------+----------+-------------------------------------------------------------------------------+
; Port  ; Type  ; Severity ; Details                                                                       ;
+-------+-------+----------+-------------------------------------------------------------------------------+
; reset ; Input ; Info     ; Stuck at GND                                                                  ;
; set   ; Input ; Info     ; Stuck at GND                                                                  ;
+-------+-------+----------+-------------------------------------------------------------------------------+


+----------------------------------------------------------------------------------------------------------+
; Port Connectivity Checks: "serial_receiver:u_serial_receiver|shift_register:u_shift_register|FFD:u_ffd2" ;
+-------+-------+----------+-------------------------------------------------------------------------------+
; Port  ; Type  ; Severity ; Details                                                                       ;
+-------+-------+----------+-------------------------------------------------------------------------------+
; reset ; Input ; Info     ; Stuck at GND                                                                  ;
; set   ; Input ; Info     ; Stuck at GND                                                                  ;
+-------+-------+----------+-------------------------------------------------------------------------------+


+----------------------------------------------------------------------------------------------------------+
; Port Connectivity Checks: "serial_receiver:u_serial_receiver|shift_register:u_shift_register|FFD:u_ffd1" ;
+-------+-------+----------+-------------------------------------------------------------------------------+
; Port  ; Type  ; Severity ; Details                                                                       ;
+-------+-------+----------+-------------------------------------------------------------------------------+
; reset ; Input ; Info     ; Stuck at GND                                                                  ;
; set   ; Input ; Info     ; Stuck at GND                                                                  ;
+-------+-------+----------+-------------------------------------------------------------------------------+


+----------------------------------------------------------------------------------------------------------+
; Port Connectivity Checks: "serial_receiver:u_serial_receiver|shift_register:u_shift_register|FFD:u_ffd0" ;
+-------+-------+----------+-------------------------------------------------------------------------------+
; Port  ; Type  ; Severity ; Details                                                                       ;
+-------+-------+----------+-------------------------------------------------------------------------------+
; reset ; Input ; Info     ; Stuck at GND                                                                  ;
; set   ; Input ; Info     ; Stuck at GND                                                                  ;
+-------+-------+----------+-------------------------------------------------------------------------------+


+-----------------------------------------------------+
; Post-Synthesis Netlist Statistics for Top Partition ;
+-----------------------+-----------------------------+
; Type                  ; Count                       ;
+-----------------------+-----------------------------+
; boundary_port         ; 16                          ;
; cycloneiii_lcell_comb ; 1                           ;
;     normal            ; 1                           ;
;         0 data inputs ; 1                           ;
;                       ;                             ;
; Max LUT depth         ; 0.00                        ;
; Average LUT depth     ; 0.00                        ;
+-----------------------+-----------------------------+


+-------------------------------+
; Elapsed Time Per Partition    ;
+----------------+--------------+
; Partition Name ; Elapsed Time ;
+----------------+--------------+
; Top            ; 00:00:00     ;
+----------------+--------------+


+-------------------------------+
; Analysis & Synthesis Messages ;
+-------------------------------+
Info: *******************************************************************
Info: Running Quartus Prime Analysis & Synthesis
    Info: Version 20.1.1 Build 720 11/11/2020 SJ Lite Edition
    Info: Processing started: Wed Apr 06 15:26:47 2022
Info: Command: quartus_map --read_settings_files=on --write_settings_files=off projeto_lic -c projeto_lic
Warning (18236): Number of processors has not been specified which may cause overloading on shared machines.  Set the global assignment NUM_PARALLEL_PROCESSORS in your QSF to an appropriate value for best performance.
Info (20030): Parallel compilation is enabled and will use 2 of the 2 processors detected
Info (12021): Found 2 design units, including 1 entities, in source file ios_tb.vhd
    Info (12022): Found design unit 1: IOS_tb-arq File: C:/Users/roby/Documents/ISEL/Projeto-LIC/hardware/LIC/IOS_tb.vhd Line: 9
    Info (12023): Found entity 1: IOS_tb File: C:/Users/roby/Documents/ISEL/Projeto-LIC/hardware/LIC/IOS_tb.vhd Line: 6
Info (12021): Found 2 design units, including 1 entities, in source file ios.vhd
    Info (12022): Found design unit 1: IOS-arq File: C:/Users/roby/Documents/ISEL/Projeto-LIC/hardware/LIC/IOS.vhd Line: 19
    Info (12023): Found entity 1: IOS File: C:/Users/roby/Documents/ISEL/Projeto-LIC/hardware/LIC/IOS.vhd Line: 6
Info (12021): Found 2 design units, including 1 entities, in source file shift_register.vhd
    Info (12022): Found design unit 1: shift_register-arq File: C:/Users/roby/Documents/ISEL/Projeto-LIC/hardware/LIC/shift_register.vhd Line: 14
    Info (12023): Found entity 1: shift_register File: C:/Users/roby/Documents/ISEL/Projeto-LIC/hardware/LIC/shift_register.vhd Line: 6
Info (12021): Found 2 design units, including 1 entities, in source file ffd.vhd
    Info (12022): Found design unit 1: FFD-arq File: C:/Users/roby/Documents/ISEL/Projeto-LIC/hardware/LIC/FFD.vhd Line: 17
    Info (12023): Found entity 1: FFD File: C:/Users/roby/Documents/ISEL/Projeto-LIC/hardware/LIC/FFD.vhd Line: 6
Info (12021): Found 2 design units, including 1 entities, in source file shift_register_tb.vhd
    Info (12022): Found design unit 1: shift_register_tb-arq File: C:/Users/roby/Documents/ISEL/Projeto-LIC/hardware/LIC/shift_register_tb.vhd Line: 9
    Info (12023): Found entity 1: shift_register_tb File: C:/Users/roby/Documents/ISEL/Projeto-LIC/hardware/LIC/shift_register_tb.vhd Line: 6
Info (12021): Found 2 design units, including 1 entities, in source file counter.vhd
    Info (12022): Found design unit 1: counter-arq File: C:/Users/roby/Documents/ISEL/Projeto-LIC/hardware/LIC/counter.vhd Line: 14
    Info (12023): Found entity 1: counter File: C:/Users/roby/Documents/ISEL/Projeto-LIC/hardware/LIC/counter.vhd Line: 6
Info (12021): Found 2 design units, including 1 entities, in source file parity_check.vhd
    Info (12022): Found design unit 1: parity_check-arq File: C:/Users/roby/Documents/ISEL/Projeto-LIC/hardware/LIC/parity_check.vhd Line: 15
    Info (12023): Found entity 1: parity_check File: C:/Users/roby/Documents/ISEL/Projeto-LIC/hardware/LIC/parity_check.vhd Line: 6
Info (12021): Found 2 design units, including 1 entities, in source file parity_check_tb.vhd
    Info (12022): Found design unit 1: parity_check_tb-arq File: C:/Users/roby/Documents/ISEL/Projeto-LIC/hardware/LIC/parity_check_tb.vhd Line: 9
    Info (12023): Found entity 1: parity_check_tb File: C:/Users/roby/Documents/ISEL/Projeto-LIC/hardware/LIC/parity_check_tb.vhd Line: 6
Info (12021): Found 2 design units, including 1 entities, in source file adder.vhd
    Info (12022): Found design unit 1: adder-arq File: C:/Users/roby/Documents/ISEL/Projeto-LIC/hardware/LIC/adder.vhd Line: 18
    Info (12023): Found entity 1: adder File: C:/Users/roby/Documents/ISEL/Projeto-LIC/hardware/LIC/adder.vhd Line: 7
Info (12021): Found 2 design units, including 1 entities, in source file fulladder.vhd
    Info (12022): Found design unit 1: fulladder-arq File: C:/Users/roby/Documents/ISEL/Projeto-LIC/hardware/LIC/fulladder.vhd Line: 17
    Info (12023): Found entity 1: fulladder File: C:/Users/roby/Documents/ISEL/Projeto-LIC/hardware/LIC/fulladder.vhd Line: 6
Info (12021): Found 2 design units, including 1 entities, in source file register.vhd
    Info (12022): Found design unit 1: reg-arq File: C:/Users/roby/Documents/ISEL/Projeto-LIC/hardware/LIC/register.vhd Line: 15
    Info (12023): Found entity 1: reg File: C:/Users/roby/Documents/ISEL/Projeto-LIC/hardware/LIC/register.vhd Line: 6
Info (12021): Found 2 design units, including 1 entities, in source file counter_tb.vhd
    Info (12022): Found design unit 1: counter_tb-arq File: C:/Users/roby/Documents/ISEL/Projeto-LIC/hardware/LIC/counter_tb.vhd Line: 9
    Info (12023): Found entity 1: counter_tb File: C:/Users/roby/Documents/ISEL/Projeto-LIC/hardware/LIC/counter_tb.vhd Line: 6
Info (12021): Found 2 design units, including 1 entities, in source file serial_control.vhd
    Info (12022): Found design unit 1: serial_control-arq File: C:/Users/roby/Documents/ISEL/Projeto-LIC/hardware/LIC/serial_control.vhd Line: 15
    Info (12023): Found entity 1: serial_control File: C:/Users/roby/Documents/ISEL/Projeto-LIC/hardware/LIC/serial_control.vhd Line: 7
Info (12021): Found 2 design units, including 1 entities, in source file serial_control_tb.vhd
    Info (12022): Found design unit 1: serial_control_tb-arq File: C:/Users/roby/Documents/ISEL/Projeto-LIC/hardware/LIC/serial_control_tb.vhd Line: 9
    Info (12023): Found entity 1: serial_control_tb File: C:/Users/roby/Documents/ISEL/Projeto-LIC/hardware/LIC/serial_control_tb.vhd Line: 6
Info (12021): Found 2 design units, including 1 entities, in source file serial_receiver.vhd
    Info (12022): Found design unit 1: serial_receiver-arq File: C:/Users/roby/Documents/ISEL/Projeto-LIC/hardware/LIC/serial_receiver.vhd Line: 18
    Info (12023): Found entity 1: serial_receiver File: C:/Users/roby/Documents/ISEL/Projeto-LIC/hardware/LIC/serial_receiver.vhd Line: 6
Info (12021): Found 2 design units, including 1 entities, in source file serial_receiver_tb.vhd
    Info (12022): Found design unit 1: serial_receiver_tb-arq File: C:/Users/roby/Documents/ISEL/Projeto-LIC/hardware/LIC/serial_receiver_tb.vhd Line: 9
    Info (12023): Found entity 1: serial_receiver_tb File: C:/Users/roby/Documents/ISEL/Projeto-LIC/hardware/LIC/serial_receiver_tb.vhd Line: 6
Info (12021): Found 2 design units, including 1 entities, in source file dispatcher.vhd
    Info (12022): Found design unit 1: dispatcher-arq File: C:/Users/roby/Documents/ISEL/Projeto-LIC/hardware/LIC/dispatcher.vhd Line: 19
    Info (12023): Found entity 1: dispatcher File: C:/Users/roby/Documents/ISEL/Projeto-LIC/hardware/LIC/dispatcher.vhd Line: 6
Info (12021): Found 2 design units, including 1 entities, in source file dispatcher_tb.vhd
    Info (12022): Found design unit 1: dispatcher_tb-arqui File: C:/Users/roby/Documents/ISEL/Projeto-LIC/hardware/LIC/dispatcher_tb.vhd Line: 9
    Info (12023): Found entity 1: dispatcher_tb File: C:/Users/roby/Documents/ISEL/Projeto-LIC/hardware/LIC/dispatcher_tb.vhd Line: 6
Info (12127): Elaborating entity "IOS" for the top level hierarchy
Warning (10541): VHDL Signal Declaration warning at IOS.vhd(43): used implicit default value for signal "s_Fn" because signal was never assigned a value or an explicit default value. Use of implicit default value may introduce unintended design optimizations. File: C:/Users/roby/Documents/ISEL/Projeto-LIC/hardware/LIC/IOS.vhd Line: 43
Info (12128): Elaborating entity "serial_receiver" for hierarchy "serial_receiver:u_serial_receiver" File: C:/Users/roby/Documents/ISEL/Projeto-LIC/hardware/LIC/IOS.vhd Line: 49
Warning (10541): VHDL Signal Declaration warning at serial_receiver.vhd(14): used implicit default value for signal "busy" because signal was never assigned a value or an explicit default value. Use of implicit default value may introduce unintended design optimizations. File: C:/Users/roby/Documents/ISEL/Projeto-LIC/hardware/LIC/serial_receiver.vhd Line: 14
Info (12128): Elaborating entity "shift_register" for hierarchy "serial_receiver:u_serial_receiver|shift_register:u_shift_register" File: C:/Users/roby/Documents/ISEL/Projeto-LIC/hardware/LIC/serial_receiver.vhd Line: 63
Info (12128): Elaborating entity "FFD" for hierarchy "serial_receiver:u_serial_receiver|shift_register:u_shift_register|FFD:u_ffd0" File: C:/Users/roby/Documents/ISEL/Projeto-LIC/hardware/LIC/shift_register.vhd Line: 31
Info (12128): Elaborating entity "counter" for hierarchy "serial_receiver:u_serial_receiver|counter:u_counter" File: C:/Users/roby/Documents/ISEL/Projeto-LIC/hardware/LIC/serial_receiver.vhd Line: 71
Info (12128): Elaborating entity "reg" for hierarchy "serial_receiver:u_serial_receiver|counter:u_counter|reg:u_reg" File: C:/Users/roby/Documents/ISEL/Projeto-LIC/hardware/LIC/counter.vhd Line: 40
Info (12128): Elaborating entity "adder" for hierarchy "serial_receiver:u_serial_receiver|counter:u_counter|adder:u_adder" File: C:/Users/roby/Documents/ISEL/Projeto-LIC/hardware/LIC/counter.vhd Line: 48
Info (12128): Elaborating entity "fulladder" for hierarchy "serial_receiver:u_serial_receiver|counter:u_counter|adder:u_adder|fulladder:u_full_adder0" File: C:/Users/roby/Documents/ISEL/Projeto-LIC/hardware/LIC/adder.vhd Line: 30
Info (12128): Elaborating entity "parity_check" for hierarchy "serial_receiver:u_serial_receiver|parity_check:u_parity_check" File: C:/Users/roby/Documents/ISEL/Projeto-LIC/hardware/LIC/serial_receiver.vhd Line: 79
Info (12128): Elaborating entity "serial_control" for hierarchy "serial_receiver:u_serial_receiver|serial_control:u_serial_control" File: C:/Users/roby/Documents/ISEL/Projeto-LIC/hardware/LIC/serial_receiver.vhd Line: 87
Info (12128): Elaborating entity "dispatcher" for hierarchy "dispatcher:u_dispatcher" File: C:/Users/roby/Documents/ISEL/Projeto-LIC/hardware/LIC/IOS.vhd Line: 60
Warning (10631): VHDL Process Statement warning at dispatcher.vhd(37): inferring latch(es) for signal or variable "NS", which holds its previous value in one or more paths through the process File: C:/Users/roby/Documents/ISEL/Projeto-LIC/hardware/LIC/dispatcher.vhd Line: 37
Info (10041): Inferred latch for "NS.STATE_END" at dispatcher.vhd(37) File: C:/Users/roby/Documents/ISEL/Projeto-LIC/hardware/LIC/dispatcher.vhd Line: 37
Info (10041): Inferred latch for "NS.STATE_SENDING_LCD" at dispatcher.vhd(37) File: C:/Users/roby/Documents/ISEL/Projeto-LIC/hardware/LIC/dispatcher.vhd Line: 37
Info (10041): Inferred latch for "NS.STATE_SENDING_TICKET" at dispatcher.vhd(37) File: C:/Users/roby/Documents/ISEL/Projeto-LIC/hardware/LIC/dispatcher.vhd Line: 37
Info (10041): Inferred latch for "NS.STATE_AVAILABLE" at dispatcher.vhd(37) File: C:/Users/roby/Documents/ISEL/Projeto-LIC/hardware/LIC/dispatcher.vhd Line: 37
Warning (14026): LATCH primitive "dispatcher:u_dispatcher|NS.STATE_END_118" is permanently enabled File: C:/Users/roby/Documents/ISEL/Projeto-LIC/hardware/LIC/dispatcher.vhd Line: 37
Warning (14026): LATCH primitive "dispatcher:u_dispatcher|NS.STATE_AVAILABLE_151" is permanently enabled File: C:/Users/roby/Documents/ISEL/Projeto-LIC/hardware/LIC/dispatcher.vhd Line: 37
Warning (12241): 1 hierarchies have connectivity warnings - see the Connectivity Checks report folder
Warning (13024): Output pins are stuck at VCC or GND
    Warning (13410): Pin "WrT" is stuck at GND File: C:/Users/roby/Documents/ISEL/Projeto-LIC/hardware/LIC/IOS.vhd Line: 12
    Warning (13410): Pin "Dout[0]" is stuck at GND File: C:/Users/roby/Documents/ISEL/Projeto-LIC/hardware/LIC/IOS.vhd Line: 13
    Warning (13410): Pin "Dout[1]" is stuck at GND File: C:/Users/roby/Documents/ISEL/Projeto-LIC/hardware/LIC/IOS.vhd Line: 13
    Warning (13410): Pin "Dout[2]" is stuck at GND File: C:/Users/roby/Documents/ISEL/Projeto-LIC/hardware/LIC/IOS.vhd Line: 13
    Warning (13410): Pin "Dout[3]" is stuck at GND File: C:/Users/roby/Documents/ISEL/Projeto-LIC/hardware/LIC/IOS.vhd Line: 13
    Warning (13410): Pin "Dout[4]" is stuck at GND File: C:/Users/roby/Documents/ISEL/Projeto-LIC/hardware/LIC/IOS.vhd Line: 13
    Warning (13410): Pin "Dout[5]" is stuck at GND File: C:/Users/roby/Documents/ISEL/Projeto-LIC/hardware/LIC/IOS.vhd Line: 13
    Warning (13410): Pin "Dout[6]" is stuck at GND File: C:/Users/roby/Documents/ISEL/Projeto-LIC/hardware/LIC/IOS.vhd Line: 13
    Warning (13410): Pin "Dout[7]" is stuck at GND File: C:/Users/roby/Documents/ISEL/Projeto-LIC/hardware/LIC/IOS.vhd Line: 13
    Warning (13410): Pin "Dout[8]" is stuck at GND File: C:/Users/roby/Documents/ISEL/Projeto-LIC/hardware/LIC/IOS.vhd Line: 13
    Warning (13410): Pin "WrL" is stuck at GND File: C:/Users/roby/Documents/ISEL/Projeto-LIC/hardware/LIC/IOS.vhd Line: 14
    Warning (13410): Pin "busy" is stuck at GND File: C:/Users/roby/Documents/ISEL/Projeto-LIC/hardware/LIC/IOS.vhd Line: 15
Info (17049): 19 registers lost all their fanouts during netlist optimizations.
Info (16010): Generating hard_block partition "hard_block:auto_generated_inst"
    Info (16011): Adding 0 node(s), including 0 DDIO, 0 PLL, 0 transceiver and 0 LCELL
Warning (21074): Design contains 4 input pin(s) that do not drive logic
    Warning (15610): No output dependent on input pin "Fsh" File: C:/Users/roby/Documents/ISEL/Projeto-LIC/hardware/LIC/IOS.vhd Line: 11
    Warning (15610): No output dependent on input pin "not_SS" File: C:/Users/roby/Documents/ISEL/Projeto-LIC/hardware/LIC/IOS.vhd Line: 10
    Warning (15610): No output dependent on input pin "SCLK" File: C:/Users/roby/Documents/ISEL/Projeto-LIC/hardware/LIC/IOS.vhd Line: 8
    Warning (15610): No output dependent on input pin "SDX" File: C:/Users/roby/Documents/ISEL/Projeto-LIC/hardware/LIC/IOS.vhd Line: 9
Info (21057): Implemented 16 device resources after synthesis - the final resource count might be different
    Info (21058): Implemented 4 input pins
    Info (21059): Implemented 12 output pins
Info: Quartus Prime Analysis & Synthesis was successful. 0 errors, 25 warnings
    Info: Peak virtual memory: 4785 megabytes
    Info: Processing ended: Wed Apr 06 15:27:02 2022
    Info: Elapsed time: 00:00:15
    Info: Total CPU time (on all processors): 00:00:34


