Analysis & Synthesis report for projeto_lic
Mon Mar 14 12:25:00 2022
Quartus Prime Version 20.1.1 Build 720 11/11/2020 SJ Lite Edition


---------------------
; Table of Contents ;
---------------------
  1. Legal Notice
  2. Analysis & Synthesis Summary
  3. Analysis & Synthesis Settings
  4. Parallel Compilation
  5. Analysis & Synthesis Source Files Read
  6. Analysis & Synthesis Resource Usage Summary
  7. Analysis & Synthesis Resource Utilization by Entity
  8. General Register Statistics
  9. Port Connectivity Checks: "FFD:u_ffd9"
 10. Port Connectivity Checks: "FFD:u_ffd8"
 11. Port Connectivity Checks: "FFD:u_ffd7"
 12. Port Connectivity Checks: "FFD:u_ffd6"
 13. Port Connectivity Checks: "FFD:u_ffd5"
 14. Port Connectivity Checks: "FFD:u_ffd4"
 15. Port Connectivity Checks: "FFD:u_ffd3"
 16. Port Connectivity Checks: "FFD:u_ffd2"
 17. Port Connectivity Checks: "FFD:u_ffd1"
 18. Port Connectivity Checks: "FFD:u_ffd0"
 19. Post-Synthesis Netlist Statistics for Top Partition
 20. Elapsed Time Per Partition
 21. Analysis & Synthesis Messages



----------------
; Legal Notice ;
----------------
Copyright (C) 2020  Intel Corporation. All rights reserved.
Your use of Intel Corporation's design tools, logic functions 
and other software and tools, and any partner logic 
functions, and any output files from any of the foregoing 
(including device programming or simulation files), and any 
associated documentation or information are expressly subject 
to the terms and conditions of the Intel Program License 
Subscription Agreement, the Intel Quartus Prime License Agreement,
the Intel FPGA IP License Agreement, or other applicable license
agreement, including, without limitation, that your use is for
the sole purpose of programming logic devices manufactured by
Intel and sold by Intel or its authorized distributors.  Please
refer to the applicable agreement for further details, at
https://fpgasoftware.intel.com/eula.



+----------------------------------------------------------------------------------+
; Analysis & Synthesis Summary                                                     ;
+------------------------------------+---------------------------------------------+
; Analysis & Synthesis Status        ; Successful - Mon Mar 14 12:25:00 2022       ;
; Quartus Prime Version              ; 20.1.1 Build 720 11/11/2020 SJ Lite Edition ;
; Revision Name                      ; projeto_lic                                 ;
; Top-level Entity Name              ; shift_register                              ;
; Family                             ; MAX 10                                      ;
; Total logic elements               ; 0                                           ;
;     Total combinational functions  ; 0                                           ;
;     Dedicated logic registers      ; 0                                           ;
; Total registers                    ; 0                                           ;
; Total pins                         ; 13                                          ;
; Total virtual pins                 ; 0                                           ;
; Total memory bits                  ; 0                                           ;
; Embedded Multiplier 9-bit elements ; 0                                           ;
; Total PLLs                         ; 0                                           ;
; UFM blocks                         ; 0                                           ;
; ADC blocks                         ; 0                                           ;
+------------------------------------+---------------------------------------------+


+------------------------------------------------------------------------------------------------------------+
; Analysis & Synthesis Settings                                                                              ;
+------------------------------------------------------------------+--------------------+--------------------+
; Option                                                           ; Setting            ; Default Value      ;
+------------------------------------------------------------------+--------------------+--------------------+
; Device                                                           ; 10M50DAF484C6GES   ;                    ;
; Top-level entity name                                            ; shift_register     ; projeto_lic        ;
; Family name                                                      ; MAX 10             ; Cyclone V          ;
; Use smart compilation                                            ; Off                ; Off                ;
; Enable parallel Assembler and Timing Analyzer during compilation ; On                 ; On                 ;
; Enable compact report table                                      ; Off                ; Off                ;
; Restructure Multiplexers                                         ; Auto               ; Auto               ;
; Create Debugging Nodes for IP Cores                              ; Off                ; Off                ;
; Preserve fewer node names                                        ; On                 ; On                 ;
; Intel FPGA IP Evaluation Mode                                    ; Enable             ; Enable             ;
; Verilog Version                                                  ; Verilog_2001       ; Verilog_2001       ;
; VHDL Version                                                     ; VHDL_1993          ; VHDL_1993          ;
; State Machine Processing                                         ; Auto               ; Auto               ;
; Safe State Machine                                               ; Off                ; Off                ;
; Extract Verilog State Machines                                   ; On                 ; On                 ;
; Extract VHDL State Machines                                      ; On                 ; On                 ;
; Ignore Verilog initial constructs                                ; Off                ; Off                ;
; Iteration limit for constant Verilog loops                       ; 5000               ; 5000               ;
; Iteration limit for non-constant Verilog loops                   ; 250                ; 250                ;
; Add Pass-Through Logic to Inferred RAMs                          ; On                 ; On                 ;
; Infer RAMs from Raw Logic                                        ; On                 ; On                 ;
; Parallel Synthesis                                               ; On                 ; On                 ;
; DSP Block Balancing                                              ; Auto               ; Auto               ;
; NOT Gate Push-Back                                               ; On                 ; On                 ;
; Power-Up Don't Care                                              ; On                 ; On                 ;
; Remove Redundant Logic Cells                                     ; Off                ; Off                ;
; Remove Duplicate Registers                                       ; On                 ; On                 ;
; Ignore CARRY Buffers                                             ; Off                ; Off                ;
; Ignore CASCADE Buffers                                           ; Off                ; Off                ;
; Ignore GLOBAL Buffers                                            ; Off                ; Off                ;
; Ignore ROW GLOBAL Buffers                                        ; Off                ; Off                ;
; Ignore LCELL Buffers                                             ; Off                ; Off                ;
; Ignore SOFT Buffers                                              ; On                 ; On                 ;
; Limit AHDL Integers to 32 Bits                                   ; Off                ; Off                ;
; Optimization Technique                                           ; Balanced           ; Balanced           ;
; Carry Chain Length                                               ; 70                 ; 70                 ;
; Auto Carry Chains                                                ; On                 ; On                 ;
; Auto Open-Drain Pins                                             ; On                 ; On                 ;
; Perform WYSIWYG Primitive Resynthesis                            ; Off                ; Off                ;
; Auto ROM Replacement                                             ; On                 ; On                 ;
; Auto RAM Replacement                                             ; On                 ; On                 ;
; Auto DSP Block Replacement                                       ; On                 ; On                 ;
; Auto Shift Register Replacement                                  ; Auto               ; Auto               ;
; Allow Shift Register Merging across Hierarchies                  ; Auto               ; Auto               ;
; Auto Clock Enable Replacement                                    ; On                 ; On                 ;
; Strict RAM Replacement                                           ; Off                ; Off                ;
; Allow Synchronous Control Signals                                ; On                 ; On                 ;
; Force Use of Synchronous Clear Signals                           ; Off                ; Off                ;
; Auto RAM Block Balancing                                         ; On                 ; On                 ;
; Auto RAM to Logic Cell Conversion                                ; Off                ; Off                ;
; Auto Resource Sharing                                            ; Off                ; Off                ;
; Allow Any RAM Size For Recognition                               ; Off                ; Off                ;
; Allow Any ROM Size For Recognition                               ; Off                ; Off                ;
; Allow Any Shift Register Size For Recognition                    ; Off                ; Off                ;
; Use LogicLock Constraints during Resource Balancing              ; On                 ; On                 ;
; Ignore translate_off and synthesis_off directives                ; Off                ; Off                ;
; Timing-Driven Synthesis                                          ; On                 ; On                 ;
; Report Parameter Settings                                        ; On                 ; On                 ;
; Report Source Assignments                                        ; On                 ; On                 ;
; Report Connectivity Checks                                       ; On                 ; On                 ;
; Ignore Maximum Fan-Out Assignments                               ; Off                ; Off                ;
; Synchronization Register Chain Length                            ; 2                  ; 2                  ;
; Power Optimization During Synthesis                              ; Normal compilation ; Normal compilation ;
; HDL message level                                                ; Level2             ; Level2             ;
; Suppress Register Optimization Related Messages                  ; Off                ; Off                ;
; Number of Removed Registers Reported in Synthesis Report         ; 5000               ; 5000               ;
; Number of Swept Nodes Reported in Synthesis Report               ; 5000               ; 5000               ;
; Number of Inverted Registers Reported in Synthesis Report        ; 100                ; 100                ;
; Clock MUX Protection                                             ; On                 ; On                 ;
; Auto Gated Clock Conversion                                      ; Off                ; Off                ;
; Block Design Naming                                              ; Auto               ; Auto               ;
; SDC constraint protection                                        ; Off                ; Off                ;
; Synthesis Effort                                                 ; Auto               ; Auto               ;
; Shift Register Replacement - Allow Asynchronous Clear Signal     ; On                 ; On                 ;
; Pre-Mapping Resynthesis Optimization                             ; Off                ; Off                ;
; Analysis & Synthesis Message Level                               ; Medium             ; Medium             ;
; Disable Register Merging Across Hierarchies                      ; Auto               ; Auto               ;
; Resource Aware Inference For Block RAM                           ; On                 ; On                 ;
+------------------------------------------------------------------+--------------------+--------------------+


+------------------------------------------+
; Parallel Compilation                     ;
+----------------------------+-------------+
; Processors                 ; Number      ;
+----------------------------+-------------+
; Number detected on machine ; 4           ;
; Maximum allowed            ; 2           ;
;                            ;             ;
; Average used               ; 1.00        ;
; Maximum used               ; 1           ;
;                            ;             ;
; Usage by Processor         ; % Time Used ;
;     Processor 1            ; 100.0%      ;
+----------------------------+-------------+


+--------------------------------------------------------------------------------------------------------------------------------------+
; Analysis & Synthesis Source Files Read                                                                                               ;
+----------------------------------+-----------------+-----------------+-----------------------------------------------------+---------+
; File Name with User-Entered Path ; Used in Netlist ; File Type       ; File Name with Absolute Path                        ; Library ;
+----------------------------------+-----------------+-----------------+-----------------------------------------------------+---------+
; shift_register.vhd               ; yes             ; User VHDL File  ; C:/Users/roby/Documents/ISEL/LIC/shift_register.vhd ;         ;
; FFD.vhd                          ; yes             ; User VHDL File  ; C:/Users/roby/Documents/ISEL/LIC/FFD.vhd            ;         ;
+----------------------------------+-----------------+-----------------+-----------------------------------------------------+---------+


+-----------------------------------------------------+
; Analysis & Synthesis Resource Usage Summary         ;
+---------------------------------------------+-------+
; Resource                                    ; Usage ;
+---------------------------------------------+-------+
;                                             ;       ;
; Total combinational functions               ; 0     ;
; Logic element usage by number of LUT inputs ;       ;
;     -- 4 input functions                    ; 0     ;
;     -- 3 input functions                    ; 0     ;
;     -- <=2 input functions                  ; 0     ;
;                                             ;       ;
; Logic elements by mode                      ;       ;
;     -- normal mode                          ; 0     ;
;     -- arithmetic mode                      ; 0     ;
;                                             ;       ;
; Total registers                             ; 0     ;
;     -- Dedicated logic registers            ; 0     ;
;     -- I/O registers                        ; 0     ;
;                                             ;       ;
; I/O pins                                    ; 13    ;
;                                             ;       ;
; Embedded Multiplier 9-bit elements          ; 0     ;
;                                             ;       ;
; Maximum fan-out node                        ; Sin   ;
; Maximum fan-out                             ; 1     ;
; Total fan-out                               ; 13    ;
; Average fan-out                             ; 0.50  ;
+---------------------------------------------+-------+


+---------------------------------------------------------------------------------------------------------------------------------------------------------------------------------------------------------------------------------------+
; Analysis & Synthesis Resource Utilization by Entity                                                                                                                                                                                   ;
+----------------------------+---------------------+---------------------------+-------------+------------+--------------+---------+-----------+------+--------------+------------+---------------------+----------------+--------------+
; Compilation Hierarchy Node ; Combinational ALUTs ; Dedicated Logic Registers ; Memory Bits ; UFM Blocks ; DSP Elements ; DSP 9x9 ; DSP 18x18 ; Pins ; Virtual Pins ; ADC blocks ; Full Hierarchy Name ; Entity Name    ; Library Name ;
+----------------------------+---------------------+---------------------------+-------------+------------+--------------+---------+-----------+------+--------------+------------+---------------------+----------------+--------------+
; |shift_register            ; 0 (0)               ; 0 (0)                     ; 0           ; 0          ; 0            ; 0       ; 0         ; 13   ; 0            ; 0          ; |shift_register     ; shift_register ; work         ;
+----------------------------+---------------------+---------------------------+-------------+------------+--------------+---------+-----------+------+--------------+------------+---------------------+----------------+--------------+
Note: For table entries with two numbers listed, the numbers in parentheses indicate the number of resources of the given type used by the specific entity alone. The numbers listed outside of parentheses indicate the total resources of the given type used by the specific entity and all of its sub-entities in the hierarchy.


+------------------------------------------------------+
; General Register Statistics                          ;
+----------------------------------------------+-------+
; Statistic                                    ; Value ;
+----------------------------------------------+-------+
; Total registers                              ; 0     ;
; Number of registers using Synchronous Clear  ; 0     ;
; Number of registers using Synchronous Load   ; 0     ;
; Number of registers using Asynchronous Clear ; 0     ;
; Number of registers using Asynchronous Load  ; 0     ;
; Number of registers using Clock Enable       ; 0     ;
; Number of registers using Preset             ; 0     ;
+----------------------------------------------+-------+


+-----------------------------------------------------------------------------------------------------------------+
; Port Connectivity Checks: "FFD:u_ffd9"                                                                          ;
+-------+--------+----------+-------------------------------------------------------------------------------------+
; Port  ; Type   ; Severity ; Details                                                                             ;
+-------+--------+----------+-------------------------------------------------------------------------------------+
; reset ; Input  ; Info     ; Stuck at GND                                                                        ;
; set   ; Input  ; Info     ; Stuck at GND                                                                        ;
; q     ; Output ; Info     ; Connected to dangling logic. Logic that only feeds a dangling port will be removed. ;
+-------+--------+----------+-------------------------------------------------------------------------------------+


+-----------------------------------------+
; Port Connectivity Checks: "FFD:u_ffd8"  ;
+-------+-------+----------+--------------+
; Port  ; Type  ; Severity ; Details      ;
+-------+-------+----------+--------------+
; reset ; Input ; Info     ; Stuck at GND ;
; set   ; Input ; Info     ; Stuck at GND ;
+-------+-------+----------+--------------+


+-----------------------------------------+
; Port Connectivity Checks: "FFD:u_ffd7"  ;
+-------+-------+----------+--------------+
; Port  ; Type  ; Severity ; Details      ;
+-------+-------+----------+--------------+
; reset ; Input ; Info     ; Stuck at GND ;
; set   ; Input ; Info     ; Stuck at GND ;
+-------+-------+----------+--------------+


+-----------------------------------------+
; Port Connectivity Checks: "FFD:u_ffd6"  ;
+-------+-------+----------+--------------+
; Port  ; Type  ; Severity ; Details      ;
+-------+-------+----------+--------------+
; reset ; Input ; Info     ; Stuck at GND ;
; set   ; Input ; Info     ; Stuck at GND ;
+-------+-------+----------+--------------+


+-----------------------------------------+
; Port Connectivity Checks: "FFD:u_ffd5"  ;
+-------+-------+----------+--------------+
; Port  ; Type  ; Severity ; Details      ;
+-------+-------+----------+--------------+
; reset ; Input ; Info     ; Stuck at GND ;
; set   ; Input ; Info     ; Stuck at GND ;
+-------+-------+----------+--------------+


+-----------------------------------------+
; Port Connectivity Checks: "FFD:u_ffd4"  ;
+-------+-------+----------+--------------+
; Port  ; Type  ; Severity ; Details      ;
+-------+-------+----------+--------------+
; reset ; Input ; Info     ; Stuck at GND ;
; set   ; Input ; Info     ; Stuck at GND ;
+-------+-------+----------+--------------+


+-----------------------------------------+
; Port Connectivity Checks: "FFD:u_ffd3"  ;
+-------+-------+----------+--------------+
; Port  ; Type  ; Severity ; Details      ;
+-------+-------+----------+--------------+
; reset ; Input ; Info     ; Stuck at GND ;
; set   ; Input ; Info     ; Stuck at GND ;
+-------+-------+----------+--------------+


+-----------------------------------------+
; Port Connectivity Checks: "FFD:u_ffd2"  ;
+-------+-------+----------+--------------+
; Port  ; Type  ; Severity ; Details      ;
+-------+-------+----------+--------------+
; reset ; Input ; Info     ; Stuck at GND ;
; set   ; Input ; Info     ; Stuck at GND ;
+-------+-------+----------+--------------+


+-----------------------------------------+
; Port Connectivity Checks: "FFD:u_ffd1"  ;
+-------+-------+----------+--------------+
; Port  ; Type  ; Severity ; Details      ;
+-------+-------+----------+--------------+
; reset ; Input ; Info     ; Stuck at GND ;
; set   ; Input ; Info     ; Stuck at GND ;
+-------+-------+----------+--------------+


+-----------------------------------------+
; Port Connectivity Checks: "FFD:u_ffd0"  ;
+-------+-------+----------+--------------+
; Port  ; Type  ; Severity ; Details      ;
+-------+-------+----------+--------------+
; reset ; Input ; Info     ; Stuck at GND ;
; set   ; Input ; Info     ; Stuck at GND ;
+-------+-------+----------+--------------+


+-----------------------------------------------------+
; Post-Synthesis Netlist Statistics for Top Partition ;
+-----------------------+-----------------------------+
; Type                  ; Count                       ;
+-----------------------+-----------------------------+
; boundary_port         ; 13                          ;
; cycloneiii_lcell_comb ; 1                           ;
;     normal            ; 1                           ;
;         0 data inputs ; 1                           ;
;                       ;                             ;
; Max LUT depth         ; 0.00                        ;
; Average LUT depth     ; 0.00                        ;
+-----------------------+-----------------------------+


+-------------------------------+
; Elapsed Time Per Partition    ;
+----------------+--------------+
; Partition Name ; Elapsed Time ;
+----------------+--------------+
; Top            ; 00:00:00     ;
+----------------+--------------+


+-------------------------------+
; Analysis & Synthesis Messages ;
+-------------------------------+
Info: *******************************************************************
Info: Running Quartus Prime Analysis & Synthesis
    Info: Version 20.1.1 Build 720 11/11/2020 SJ Lite Edition
    Info: Processing started: Mon Mar 14 12:24:43 2022
Info: Command: quartus_map --read_settings_files=on --write_settings_files=off projeto_lic -c projeto_lic
Info (125069): Default assignment values were changed in the current version of the Quartus Prime software -- changes to default assignments values are contained in file c:/intelfpga_lite/20.1/quartus/bin64/assignment_defaults.qdf
Warning (18236): Number of processors has not been specified which may cause overloading on shared machines.  Set the global assignment NUM_PARALLEL_PROCESSORS in your QSF to an appropriate value for best performance.
Info (20030): Parallel compilation is enabled and will use 2 of the 2 processors detected
Info (12021): Found 2 design units, including 1 entities, in source file shift_register.vhd
    Info (12022): Found design unit 1: shift_register-arq File: C:/Users/roby/Documents/ISEL/LIC/shift_register.vhd Line: 12
    Info (12023): Found entity 1: shift_register File: C:/Users/roby/Documents/ISEL/LIC/shift_register.vhd Line: 4
Info (12021): Found 2 design units, including 1 entities, in source file ffd.vhd
    Info (12022): Found design unit 1: FFD-arq File: C:/Users/roby/Documents/ISEL/LIC/FFD.vhd Line: 15
    Info (12023): Found entity 1: FFD File: C:/Users/roby/Documents/ISEL/LIC/FFD.vhd Line: 4
Info (12021): Found 2 design units, including 1 entities, in source file shift_register_tb.vhd
    Info (12022): Found design unit 1: shift_register_tb-arq File: C:/Users/roby/Documents/ISEL/LIC/shift_register_tb.vhd Line: 7
    Info (12023): Found entity 1: shift_register_tb File: C:/Users/roby/Documents/ISEL/LIC/shift_register_tb.vhd Line: 4
Info (12127): Elaborating entity "shift_register" for the top level hierarchy
Warning (10541): VHDL Signal Declaration warning at shift_register.vhd(8): used implicit default value for signal "D" because signal was never assigned a value or an explicit default value. Use of implicit default value may introduce unintended design optimizations. File: C:/Users/roby/Documents/ISEL/LIC/shift_register.vhd Line: 8
Info (12128): Elaborating entity "FFD" for hierarchy "FFD:u_ffd0" File: C:/Users/roby/Documents/ISEL/LIC/shift_register.vhd Line: 29
Warning (13024): Output pins are stuck at VCC or GND
    Warning (13410): Pin "D[0]" is stuck at GND File: C:/Users/roby/Documents/ISEL/LIC/shift_register.vhd Line: 8
    Warning (13410): Pin "D[1]" is stuck at GND File: C:/Users/roby/Documents/ISEL/LIC/shift_register.vhd Line: 8
    Warning (13410): Pin "D[2]" is stuck at GND File: C:/Users/roby/Documents/ISEL/LIC/shift_register.vhd Line: 8
    Warning (13410): Pin "D[3]" is stuck at GND File: C:/Users/roby/Documents/ISEL/LIC/shift_register.vhd Line: 8
    Warning (13410): Pin "D[4]" is stuck at GND File: C:/Users/roby/Documents/ISEL/LIC/shift_register.vhd Line: 8
    Warning (13410): Pin "D[5]" is stuck at GND File: C:/Users/roby/Documents/ISEL/LIC/shift_register.vhd Line: 8
    Warning (13410): Pin "D[6]" is stuck at GND File: C:/Users/roby/Documents/ISEL/LIC/shift_register.vhd Line: 8
    Warning (13410): Pin "D[7]" is stuck at GND File: C:/Users/roby/Documents/ISEL/LIC/shift_register.vhd Line: 8
    Warning (13410): Pin "D[8]" is stuck at GND File: C:/Users/roby/Documents/ISEL/LIC/shift_register.vhd Line: 8
    Warning (13410): Pin "D[9]" is stuck at GND File: C:/Users/roby/Documents/ISEL/LIC/shift_register.vhd Line: 8
Info (16010): Generating hard_block partition "hard_block:auto_generated_inst"
    Info (16011): Adding 0 node(s), including 0 DDIO, 0 PLL, 0 transceiver and 0 LCELL
Warning (21074): Design contains 3 input pin(s) that do not drive logic
    Warning (15610): No output dependent on input pin "Sin" File: C:/Users/roby/Documents/ISEL/LIC/shift_register.vhd Line: 6
    Warning (15610): No output dependent on input pin "clk" File: C:/Users/roby/Documents/ISEL/LIC/shift_register.vhd Line: 7
    Warning (15610): No output dependent on input pin "enable" File: C:/Users/roby/Documents/ISEL/LIC/shift_register.vhd Line: 7
Info (21057): Implemented 13 device resources after synthesis - the final resource count might be different
    Info (21058): Implemented 3 input pins
    Info (21059): Implemented 10 output pins
Info: Quartus Prime Analysis & Synthesis was successful. 0 errors, 17 warnings
    Info: Peak virtual memory: 4783 megabytes
    Info: Processing ended: Mon Mar 14 12:25:00 2022
    Info: Elapsed time: 00:00:17
    Info: Total CPU time (on all processors): 00:00:37


