Analysis & Synthesis report for keyscan
Mon May 23 12:04:38 2022
Quartus Prime Version 20.1.1 Build 720 11/11/2020 SJ Lite Edition


---------------------
; Table of Contents ;
---------------------
  1. Legal Notice
  2. Analysis & Synthesis Summary
  3. Analysis & Synthesis Settings
  4. Parallel Compilation
  5. Analysis & Synthesis Source Files Read
  6. Analysis & Synthesis Resource Usage Summary
  7. Analysis & Synthesis Resource Utilization by Entity
  8. General Register Statistics
  9. Port Connectivity Checks: "counter:u_counter|adder:u_adder"
 10. Port Connectivity Checks: "counter:u_counter|reg:u_reg|FFD:u_FFD3"
 11. Port Connectivity Checks: "counter:u_counter|reg:u_reg|FFD:u_FFD2"
 12. Port Connectivity Checks: "counter:u_counter|reg:u_reg|FFD:u_FFD1"
 13. Port Connectivity Checks: "counter:u_counter|reg:u_reg|FFD:u_FFD0"
 14. Post-Synthesis Netlist Statistics for Top Partition
 15. Elapsed Time Per Partition
 16. Analysis & Synthesis Messages



----------------
; Legal Notice ;
----------------
Copyright (C) 2020  Intel Corporation. All rights reserved.
Your use of Intel Corporation's design tools, logic functions 
and other software and tools, and any partner logic 
functions, and any output files from any of the foregoing 
(including device programming or simulation files), and any 
associated documentation or information are expressly subject 
to the terms and conditions of the Intel Program License 
Subscription Agreement, the Intel Quartus Prime License Agreement,
the Intel FPGA IP License Agreement, or other applicable license
agreement, including, without limitation, that your use is for
the sole purpose of programming logic devices manufactured by
Intel and sold by Intel or its authorized distributors.  Please
refer to the applicable agreement for further details, at
https://fpgasoftware.intel.com/eula.



+-------------------------------------------------------------------------------+
; Analysis & Synthesis Summary                                                  ;
+---------------------------------+---------------------------------------------+
; Analysis & Synthesis Status     ; Successful - Mon May 23 12:04:37 2022       ;
; Quartus Prime Version           ; 20.1.1 Build 720 11/11/2020 SJ Lite Edition ;
; Revision Name                   ; keyscan                                     ;
; Top-level Entity Name           ; keyscan                                     ;
; Family                          ; Cyclone V                                   ;
; Logic utilization (in ALMs)     ; N/A                                         ;
; Total registers                 ; 0                                           ;
; Total pins                      ; 15                                          ;
; Total virtual pins              ; 0                                           ;
; Total block memory bits         ; 0                                           ;
; Total DSP Blocks                ; 0                                           ;
; Total HSSI RX PCSs              ; 0                                           ;
; Total HSSI PMA RX Deserializers ; 0                                           ;
; Total HSSI TX PCSs              ; 0                                           ;
; Total HSSI PMA TX Serializers   ; 0                                           ;
; Total PLLs                      ; 0                                           ;
; Total DLLs                      ; 0                                           ;
+---------------------------------+---------------------------------------------+


+---------------------------------------------------------------------------------------------------------------------------+
; Analysis & Synthesis Settings                                                                                             ;
+---------------------------------------------------------------------------------+--------------------+--------------------+
; Option                                                                          ; Setting            ; Default Value      ;
+---------------------------------------------------------------------------------+--------------------+--------------------+
; Device                                                                          ; 5CGXFC7C7F23C8     ;                    ;
; Top-level entity name                                                           ; keyscan            ; keyscan            ;
; Family name                                                                     ; Cyclone V          ; Cyclone V          ;
; Use smart compilation                                                           ; Off                ; Off                ;
; Enable parallel Assembler and Timing Analyzer during compilation                ; On                 ; On                 ;
; Enable compact report table                                                     ; Off                ; Off                ;
; Restructure Multiplexers                                                        ; Auto               ; Auto               ;
; MLAB Add Timing Constraints For Mixed-Port Feed-Through Mode Setting Don't Care ; Off                ; Off                ;
; Create Debugging Nodes for IP Cores                                             ; Off                ; Off                ;
; Preserve fewer node names                                                       ; On                 ; On                 ;
; Intel FPGA IP Evaluation Mode                                                   ; Enable             ; Enable             ;
; Verilog Version                                                                 ; Verilog_2001       ; Verilog_2001       ;
; VHDL Version                                                                    ; VHDL_1993          ; VHDL_1993          ;
; State Machine Processing                                                        ; Auto               ; Auto               ;
; Safe State Machine                                                              ; Off                ; Off                ;
; Extract Verilog State Machines                                                  ; On                 ; On                 ;
; Extract VHDL State Machines                                                     ; On                 ; On                 ;
; Ignore Verilog initial constructs                                               ; Off                ; Off                ;
; Iteration limit for constant Verilog loops                                      ; 5000               ; 5000               ;
; Iteration limit for non-constant Verilog loops                                  ; 250                ; 250                ;
; Add Pass-Through Logic to Inferred RAMs                                         ; On                 ; On                 ;
; Infer RAMs from Raw Logic                                                       ; On                 ; On                 ;
; Parallel Synthesis                                                              ; On                 ; On                 ;
; DSP Block Balancing                                                             ; Auto               ; Auto               ;
; NOT Gate Push-Back                                                              ; On                 ; On                 ;
; Power-Up Don't Care                                                             ; On                 ; On                 ;
; Remove Redundant Logic Cells                                                    ; Off                ; Off                ;
; Remove Duplicate Registers                                                      ; On                 ; On                 ;
; Ignore CARRY Buffers                                                            ; Off                ; Off                ;
; Ignore CASCADE Buffers                                                          ; Off                ; Off                ;
; Ignore GLOBAL Buffers                                                           ; Off                ; Off                ;
; Ignore ROW GLOBAL Buffers                                                       ; Off                ; Off                ;
; Ignore LCELL Buffers                                                            ; Off                ; Off                ;
; Ignore SOFT Buffers                                                             ; On                 ; On                 ;
; Limit AHDL Integers to 32 Bits                                                  ; Off                ; Off                ;
; Optimization Technique                                                          ; Balanced           ; Balanced           ;
; Carry Chain Length                                                              ; 70                 ; 70                 ;
; Auto Carry Chains                                                               ; On                 ; On                 ;
; Auto Open-Drain Pins                                                            ; On                 ; On                 ;
; Perform WYSIWYG Primitive Resynthesis                                           ; Off                ; Off                ;
; Auto ROM Replacement                                                            ; On                 ; On                 ;
; Auto RAM Replacement                                                            ; On                 ; On                 ;
; Auto DSP Block Replacement                                                      ; On                 ; On                 ;
; Auto Shift Register Replacement                                                 ; Auto               ; Auto               ;
; Allow Shift Register Merging across Hierarchies                                 ; Auto               ; Auto               ;
; Auto Clock Enable Replacement                                                   ; On                 ; On                 ;
; Strict RAM Replacement                                                          ; Off                ; Off                ;
; Allow Synchronous Control Signals                                               ; On                 ; On                 ;
; Force Use of Synchronous Clear Signals                                          ; Off                ; Off                ;
; Auto Resource Sharing                                                           ; Off                ; Off                ;
; Allow Any RAM Size For Recognition                                              ; Off                ; Off                ;
; Allow Any ROM Size For Recognition                                              ; Off                ; Off                ;
; Allow Any Shift Register Size For Recognition                                   ; Off                ; Off                ;
; Use LogicLock Constraints during Resource Balancing                             ; On                 ; On                 ;
; Ignore translate_off and synthesis_off directives                               ; Off                ; Off                ;
; Timing-Driven Synthesis                                                         ; On                 ; On                 ;
; Report Parameter Settings                                                       ; On                 ; On                 ;
; Report Source Assignments                                                       ; On                 ; On                 ;
; Report Connectivity Checks                                                      ; On                 ; On                 ;
; Ignore Maximum Fan-Out Assignments                                              ; Off                ; Off                ;
; Synchronization Register Chain Length                                           ; 3                  ; 3                  ;
; Power Optimization During Synthesis                                             ; Normal compilation ; Normal compilation ;
; HDL message level                                                               ; Level2             ; Level2             ;
; Suppress Register Optimization Related Messages                                 ; Off                ; Off                ;
; Number of Removed Registers Reported in Synthesis Report                        ; 5000               ; 5000               ;
; Number of Swept Nodes Reported in Synthesis Report                              ; 5000               ; 5000               ;
; Number of Inverted Registers Reported in Synthesis Report                       ; 100                ; 100                ;
; Clock MUX Protection                                                            ; On                 ; On                 ;
; Auto Gated Clock Conversion                                                     ; Off                ; Off                ;
; Block Design Naming                                                             ; Auto               ; Auto               ;
; SDC constraint protection                                                       ; Off                ; Off                ;
; Synthesis Effort                                                                ; Auto               ; Auto               ;
; Shift Register Replacement - Allow Asynchronous Clear Signal                    ; On                 ; On                 ;
; Pre-Mapping Resynthesis Optimization                                            ; Off                ; Off                ;
; Analysis & Synthesis Message Level                                              ; Medium             ; Medium             ;
; Disable Register Merging Across Hierarchies                                     ; Auto               ; Auto               ;
; Resource Aware Inference For Block RAM                                          ; On                 ; On                 ;
; Automatic Parallel Synthesis                                                    ; On                 ; On                 ;
; Partial Reconfiguration Bitstream ID                                            ; Off                ; Off                ;
+---------------------------------------------------------------------------------+--------------------+--------------------+


+------------------------------------------+
; Parallel Compilation                     ;
+----------------------------+-------------+
; Processors                 ; Number      ;
+----------------------------+-------------+
; Number detected on machine ; 16          ;
; Maximum allowed            ; 16          ;
;                            ;             ;
; Average used               ; 1.00        ;
; Maximum used               ; 1           ;
;                            ;             ;
; Usage by Processor         ; % Time Used ;
;     Processor 1            ; 100.0%      ;
+----------------------------+-------------+


+-------------------------------------------------------------------------------------------------------------------------------------------------------------------------------------------------------------+
; Analysis & Synthesis Source Files Read                                                                                                                                                                      ;
+----------------------------------+-----------------+-----------------+----------------------------------------------------------------------------------------------------------------------------+---------+
; File Name with User-Entered Path ; Used in Netlist ; File Type       ; File Name with Absolute Path                                                                                               ; Library ;
+----------------------------------+-----------------+-----------------+----------------------------------------------------------------------------------------------------------------------------+---------+
; keyscan.vhd                      ; yes             ; User VHDL File  ; C:/Users/pedri/OneDrive - Instituto Superior de Engenharia de Lisboa/Documents/ISEL/2º semestre/LIC/key_scan/keyscan.vhd   ;         ;
; mux.vhd                          ; yes             ; User VHDL File  ; C:/Users/pedri/OneDrive - Instituto Superior de Engenharia de Lisboa/Documents/ISEL/2º semestre/LIC/key_scan/mux.vhd       ;         ;
; decoder.vhd                      ; yes             ; User VHDL File  ; C:/Users/pedri/OneDrive - Instituto Superior de Engenharia de Lisboa/Documents/ISEL/2º semestre/LIC/key_scan/decoder.vhd   ;         ;
; register.vhd                     ; yes             ; User VHDL File  ; C:/Users/pedri/OneDrive - Instituto Superior de Engenharia de Lisboa/Documents/ISEL/2º semestre/LIC/key_scan/register.vhd  ;         ;
; fulladder.vhd                    ; yes             ; User VHDL File  ; C:/Users/pedri/OneDrive - Instituto Superior de Engenharia de Lisboa/Documents/ISEL/2º semestre/LIC/key_scan/fulladder.vhd ;         ;
; ffd.vhd                          ; yes             ; User VHDL File  ; C:/Users/pedri/OneDrive - Instituto Superior de Engenharia de Lisboa/Documents/ISEL/2º semestre/LIC/key_scan/ffd.vhd       ;         ;
; counter.vhd                      ; yes             ; User VHDL File  ; C:/Users/pedri/OneDrive - Instituto Superior de Engenharia de Lisboa/Documents/ISEL/2º semestre/LIC/key_scan/counter.vhd   ;         ;
; adder.vhd                        ; yes             ; User VHDL File  ; C:/Users/pedri/OneDrive - Instituto Superior de Engenharia de Lisboa/Documents/ISEL/2º semestre/LIC/key_scan/adder.vhd     ;         ;
+----------------------------------+-----------------+-----------------+----------------------------------------------------------------------------------------------------------------------------+---------+


+-----------------------------------------------------+
; Analysis & Synthesis Resource Usage Summary         ;
+---------------------------------------------+-------+
; Resource                                    ; Usage ;
+---------------------------------------------+-------+
; Estimate of Logic utilization (ALMs needed) ; 0     ;
;                                             ;       ;
; Combinational ALUT usage for logic          ; 0     ;
;     -- 7 input functions                    ; 0     ;
;     -- 6 input functions                    ; 0     ;
;     -- 5 input functions                    ; 0     ;
;     -- 4 input functions                    ; 0     ;
;     -- <=3 input functions                  ; 0     ;
;                                             ;       ;
; Dedicated logic registers                   ; 0     ;
;                                             ;       ;
; I/O pins                                    ; 15    ;
;                                             ;       ;
; Total DSP Blocks                            ; 0     ;
;                                             ;       ;
; Maximum fan-out node                        ; Ksc   ;
; Maximum fan-out                             ; 1     ;
; Total fan-out                               ; 15    ;
; Average fan-out                             ; 0.50  ;
+---------------------------------------------+-------+


+----------------------------------------------------------------------------------------------------------------------------------------------------------------------------------------+
; Analysis & Synthesis Resource Utilization by Entity                                                                                                                                    ;
+----------------------------+---------------------+---------------------------+-------------------+------------+------+--------------+---------------------+-------------+--------------+
; Compilation Hierarchy Node ; Combinational ALUTs ; Dedicated Logic Registers ; Block Memory Bits ; DSP Blocks ; Pins ; Virtual Pins ; Full Hierarchy Name ; Entity Name ; Library Name ;
+----------------------------+---------------------+---------------------------+-------------------+------------+------+--------------+---------------------+-------------+--------------+
; |keyscan                   ; 0 (0)               ; 0 (0)                     ; 0                 ; 0          ; 15   ; 0            ; |keyscan            ; keyscan     ; work         ;
+----------------------------+---------------------+---------------------------+-------------------+------------+------+--------------+---------------------+-------------+--------------+
Note: For table entries with two numbers listed, the numbers in parentheses indicate the number of resources of the given type used by the specific entity alone. The numbers listed outside of parentheses indicate the total resources of the given type used by the specific entity and all of its sub-entities in the hierarchy.


+------------------------------------------------------+
; General Register Statistics                          ;
+----------------------------------------------+-------+
; Statistic                                    ; Value ;
+----------------------------------------------+-------+
; Total registers                              ; 0     ;
; Number of registers using Synchronous Clear  ; 0     ;
; Number of registers using Synchronous Load   ; 0     ;
; Number of registers using Asynchronous Clear ; 0     ;
; Number of registers using Asynchronous Load  ; 0     ;
; Number of registers using Clock Enable       ; 0     ;
; Number of registers using Preset             ; 0     ;
+----------------------------------------------+-------+


+----------------------------------------------------------------------------------------------------------------+
; Port Connectivity Checks: "counter:u_counter|adder:u_adder"                                                    ;
+------+--------+----------+-------------------------------------------------------------------------------------+
; Port ; Type   ; Severity ; Details                                                                             ;
+------+--------+----------+-------------------------------------------------------------------------------------+
; b    ; Input  ; Info     ; Stuck at GND                                                                        ;
; cin  ; Input  ; Info     ; Stuck at VCC                                                                        ;
; cout ; Output ; Info     ; Connected to dangling logic. Logic that only feeds a dangling port will be removed. ;
+------+--------+----------+-------------------------------------------------------------------------------------+


+--------------------------------------------------------------------+
; Port Connectivity Checks: "counter:u_counter|reg:u_reg|FFD:u_FFD3" ;
+------+-------+----------+------------------------------------------+
; Port ; Type  ; Severity ; Details                                  ;
+------+-------+----------+------------------------------------------+
; set  ; Input ; Info     ; Stuck at GND                             ;
+------+-------+----------+------------------------------------------+


+--------------------------------------------------------------------+
; Port Connectivity Checks: "counter:u_counter|reg:u_reg|FFD:u_FFD2" ;
+------+-------+----------+------------------------------------------+
; Port ; Type  ; Severity ; Details                                  ;
+------+-------+----------+------------------------------------------+
; set  ; Input ; Info     ; Stuck at GND                             ;
+------+-------+----------+------------------------------------------+


+--------------------------------------------------------------------+
; Port Connectivity Checks: "counter:u_counter|reg:u_reg|FFD:u_FFD1" ;
+------+-------+----------+------------------------------------------+
; Port ; Type  ; Severity ; Details                                  ;
+------+-------+----------+------------------------------------------+
; set  ; Input ; Info     ; Stuck at GND                             ;
+------+-------+----------+------------------------------------------+


+--------------------------------------------------------------------+
; Port Connectivity Checks: "counter:u_counter|reg:u_reg|FFD:u_FFD0" ;
+------+-------+----------+------------------------------------------+
; Port ; Type  ; Severity ; Details                                  ;
+------+-------+----------+------------------------------------------+
; set  ; Input ; Info     ; Stuck at GND                             ;
+------+-------+----------+------------------------------------------+


+-----------------------------------------------------+
; Post-Synthesis Netlist Statistics for Top Partition ;
+-----------------------+-----------------------------+
; Type                  ; Count                       ;
+-----------------------+-----------------------------+
; arriav_lcell_comb     ; 1                           ;
;     normal            ; 1                           ;
;         0 data inputs ; 1                           ;
; boundary_port         ; 15                          ;
;                       ;                             ;
; Max LUT depth         ; 0.00                        ;
; Average LUT depth     ; 0.00                        ;
+-----------------------+-----------------------------+


+-------------------------------+
; Elapsed Time Per Partition    ;
+----------------+--------------+
; Partition Name ; Elapsed Time ;
+----------------+--------------+
; Top            ; 00:00:00     ;
+----------------+--------------+


+-------------------------------+
; Analysis & Synthesis Messages ;
+-------------------------------+
Info: *******************************************************************
Info: Running Quartus Prime Analysis & Synthesis
    Info: Version 20.1.1 Build 720 11/11/2020 SJ Lite Edition
    Info: Processing started: Mon May 23 12:04:30 2022
Info: Command: quartus_map --read_settings_files=on --write_settings_files=off keyscan -c keyscan
Warning (18236): Number of processors has not been specified which may cause overloading on shared machines.  Set the global assignment NUM_PARALLEL_PROCESSORS in your QSF to an appropriate value for best performance.
Info (20030): Parallel compilation is enabled and will use 16 of the 16 processors detected
Info (12021): Found 2 design units, including 1 entities, in source file keyscan.vhd
    Info (12022): Found design unit 1: keyscan-arq File: C:/Users/pedri/OneDrive - Instituto Superior de Engenharia de Lisboa/Documents/ISEL/2º semestre/LIC/key_scan/keyscan.vhd Line: 18
    Info (12023): Found entity 1: keyscan File: C:/Users/pedri/OneDrive - Instituto Superior de Engenharia de Lisboa/Documents/ISEL/2º semestre/LIC/key_scan/keyscan.vhd Line: 6
Warning (12090): Entity "mux" obtained from "mux.vhd" instead of from Quartus Prime megafunction library File: C:/Users/pedri/OneDrive - Instituto Superior de Engenharia de Lisboa/Documents/ISEL/2º semestre/LIC/key_scan/mux.vhd Line: 6
Info (12021): Found 2 design units, including 1 entities, in source file mux.vhd
    Info (12022): Found design unit 1: mux-arq File: C:/Users/pedri/OneDrive - Instituto Superior de Engenharia de Lisboa/Documents/ISEL/2º semestre/LIC/key_scan/mux.vhd Line: 14
    Info (12023): Found entity 1: mux File: C:/Users/pedri/OneDrive - Instituto Superior de Engenharia de Lisboa/Documents/ISEL/2º semestre/LIC/key_scan/mux.vhd Line: 6
Info (12021): Found 2 design units, including 1 entities, in source file decoder.vhd
    Info (12022): Found design unit 1: dec-arq File: C:/Users/pedri/OneDrive - Instituto Superior de Engenharia de Lisboa/Documents/ISEL/2º semestre/LIC/key_scan/decoder.vhd Line: 13
    Info (12023): Found entity 1: dec File: C:/Users/pedri/OneDrive - Instituto Superior de Engenharia de Lisboa/Documents/ISEL/2º semestre/LIC/key_scan/decoder.vhd Line: 6
Info (12021): Found 2 design units, including 1 entities, in source file register.vhd
    Info (12022): Found design unit 1: reg-arq File: C:/Users/pedri/OneDrive - Instituto Superior de Engenharia de Lisboa/Documents/ISEL/2º semestre/LIC/key_scan/register.vhd Line: 15
    Info (12023): Found entity 1: reg File: C:/Users/pedri/OneDrive - Instituto Superior de Engenharia de Lisboa/Documents/ISEL/2º semestre/LIC/key_scan/register.vhd Line: 6
Info (12021): Found 2 design units, including 1 entities, in source file fulladder.vhd
    Info (12022): Found design unit 1: fulladder-arq File: C:/Users/pedri/OneDrive - Instituto Superior de Engenharia de Lisboa/Documents/ISEL/2º semestre/LIC/key_scan/fulladder.vhd Line: 17
    Info (12023): Found entity 1: fulladder File: C:/Users/pedri/OneDrive - Instituto Superior de Engenharia de Lisboa/Documents/ISEL/2º semestre/LIC/key_scan/fulladder.vhd Line: 6
Info (12021): Found 2 design units, including 1 entities, in source file ffd.vhd
    Info (12022): Found design unit 1: FFD-arq File: C:/Users/pedri/OneDrive - Instituto Superior de Engenharia de Lisboa/Documents/ISEL/2º semestre/LIC/key_scan/ffd.vhd Line: 17
    Info (12023): Found entity 1: FFD File: C:/Users/pedri/OneDrive - Instituto Superior de Engenharia de Lisboa/Documents/ISEL/2º semestre/LIC/key_scan/ffd.vhd Line: 6
Info (12021): Found 2 design units, including 1 entities, in source file counter.vhd
    Info (12022): Found design unit 1: counter-arq File: C:/Users/pedri/OneDrive - Instituto Superior de Engenharia de Lisboa/Documents/ISEL/2º semestre/LIC/key_scan/counter.vhd Line: 15
    Info (12023): Found entity 1: counter File: C:/Users/pedri/OneDrive - Instituto Superior de Engenharia de Lisboa/Documents/ISEL/2º semestre/LIC/key_scan/counter.vhd Line: 6
Info (12021): Found 2 design units, including 1 entities, in source file adder.vhd
    Info (12022): Found design unit 1: adder-arq File: C:/Users/pedri/OneDrive - Instituto Superior de Engenharia de Lisboa/Documents/ISEL/2º semestre/LIC/key_scan/adder.vhd Line: 17
    Info (12023): Found entity 1: adder File: C:/Users/pedri/OneDrive - Instituto Superior de Engenharia de Lisboa/Documents/ISEL/2º semestre/LIC/key_scan/adder.vhd Line: 6
Info (12127): Elaborating entity "keyscan" for the top level hierarchy
Info (12128): Elaborating entity "mux" for hierarchy "mux:u_mux" File: C:/Users/pedri/OneDrive - Instituto Superior de Engenharia de Lisboa/Documents/ISEL/2º semestre/LIC/key_scan/keyscan.vhd Line: 58
Info (12128): Elaborating entity "counter" for hierarchy "counter:u_counter" File: C:/Users/pedri/OneDrive - Instituto Superior de Engenharia de Lisboa/Documents/ISEL/2º semestre/LIC/key_scan/keyscan.vhd Line: 66
Warning (10541): VHDL Signal Declaration warning at counter.vhd(11): used implicit default value for signal "Q" because signal was never assigned a value or an explicit default value. Use of implicit default value may introduce unintended design optimizations. File: C:/Users/pedri/OneDrive - Instituto Superior de Engenharia de Lisboa/Documents/ISEL/2º semestre/LIC/key_scan/counter.vhd Line: 11
Info (12128): Elaborating entity "reg" for hierarchy "counter:u_counter|reg:u_reg" File: C:/Users/pedri/OneDrive - Instituto Superior de Engenharia de Lisboa/Documents/ISEL/2º semestre/LIC/key_scan/counter.vhd Line: 39
Info (12128): Elaborating entity "FFD" for hierarchy "counter:u_counter|reg:u_reg|FFD:u_FFD0" File: C:/Users/pedri/OneDrive - Instituto Superior de Engenharia de Lisboa/Documents/ISEL/2º semestre/LIC/key_scan/register.vhd Line: 25
Info (12128): Elaborating entity "adder" for hierarchy "counter:u_counter|adder:u_adder" File: C:/Users/pedri/OneDrive - Instituto Superior de Engenharia de Lisboa/Documents/ISEL/2º semestre/LIC/key_scan/counter.vhd Line: 48
Info (12128): Elaborating entity "fulladder" for hierarchy "counter:u_counter|adder:u_adder|fulladder:u_full_adder0" File: C:/Users/pedri/OneDrive - Instituto Superior de Engenharia de Lisboa/Documents/ISEL/2º semestre/LIC/key_scan/adder.vhd Line: 29
Info (12128): Elaborating entity "dec" for hierarchy "dec:u_dec" File: C:/Users/pedri/OneDrive - Instituto Superior de Engenharia de Lisboa/Documents/ISEL/2º semestre/LIC/key_scan/keyscan.vhd Line: 77
Warning (13024): Output pins are stuck at VCC or GND
    Warning (13410): Pin "K[0]" is stuck at GND File: C:/Users/pedri/OneDrive - Instituto Superior de Engenharia de Lisboa/Documents/ISEL/2º semestre/LIC/key_scan/keyscan.vhd Line: 12
    Warning (13410): Pin "K[1]" is stuck at GND File: C:/Users/pedri/OneDrive - Instituto Superior de Engenharia de Lisboa/Documents/ISEL/2º semestre/LIC/key_scan/keyscan.vhd Line: 12
    Warning (13410): Pin "K[2]" is stuck at GND File: C:/Users/pedri/OneDrive - Instituto Superior de Engenharia de Lisboa/Documents/ISEL/2º semestre/LIC/key_scan/keyscan.vhd Line: 12
    Warning (13410): Pin "K[3]" is stuck at GND File: C:/Users/pedri/OneDrive - Instituto Superior de Engenharia de Lisboa/Documents/ISEL/2º semestre/LIC/key_scan/keyscan.vhd Line: 12
    Warning (13410): Pin "C[0]" is stuck at GND File: C:/Users/pedri/OneDrive - Instituto Superior de Engenharia de Lisboa/Documents/ISEL/2º semestre/LIC/key_scan/keyscan.vhd Line: 13
    Warning (13410): Pin "C[1]" is stuck at GND File: C:/Users/pedri/OneDrive - Instituto Superior de Engenharia de Lisboa/Documents/ISEL/2º semestre/LIC/key_scan/keyscan.vhd Line: 13
    Warning (13410): Pin "C[2]" is stuck at GND File: C:/Users/pedri/OneDrive - Instituto Superior de Engenharia de Lisboa/Documents/ISEL/2º semestre/LIC/key_scan/keyscan.vhd Line: 13
    Warning (13410): Pin "Kpress" is stuck at GND File: C:/Users/pedri/OneDrive - Instituto Superior de Engenharia de Lisboa/Documents/ISEL/2º semestre/LIC/key_scan/keyscan.vhd Line: 14
Info (16010): Generating hard_block partition "hard_block:auto_generated_inst"
    Info (16011): Adding 0 node(s), including 0 DDIO, 0 PLL, 0 transceiver and 0 LCELL
Warning (21074): Design contains 7 input pin(s) that do not drive logic
    Warning (15610): No output dependent on input pin "Ksc" File: C:/Users/pedri/OneDrive - Instituto Superior de Engenharia de Lisboa/Documents/ISEL/2º semestre/LIC/key_scan/keyscan.vhd Line: 8
    Warning (15610): No output dependent on input pin "clk" File: C:/Users/pedri/OneDrive - Instituto Superior de Engenharia de Lisboa/Documents/ISEL/2º semestre/LIC/key_scan/keyscan.vhd Line: 9
    Warning (15610): No output dependent on input pin "reset" File: C:/Users/pedri/OneDrive - Instituto Superior de Engenharia de Lisboa/Documents/ISEL/2º semestre/LIC/key_scan/keyscan.vhd Line: 10
    Warning (15610): No output dependent on input pin "L[0]" File: C:/Users/pedri/OneDrive - Instituto Superior de Engenharia de Lisboa/Documents/ISEL/2º semestre/LIC/key_scan/keyscan.vhd Line: 11
    Warning (15610): No output dependent on input pin "L[1]" File: C:/Users/pedri/OneDrive - Instituto Superior de Engenharia de Lisboa/Documents/ISEL/2º semestre/LIC/key_scan/keyscan.vhd Line: 11
    Warning (15610): No output dependent on input pin "L[2]" File: C:/Users/pedri/OneDrive - Instituto Superior de Engenharia de Lisboa/Documents/ISEL/2º semestre/LIC/key_scan/keyscan.vhd Line: 11
    Warning (15610): No output dependent on input pin "L[3]" File: C:/Users/pedri/OneDrive - Instituto Superior de Engenharia de Lisboa/Documents/ISEL/2º semestre/LIC/key_scan/keyscan.vhd Line: 11
Info (21057): Implemented 15 device resources after synthesis - the final resource count might be different
    Info (21058): Implemented 7 input pins
    Info (21059): Implemented 8 output pins
Info: Quartus Prime Analysis & Synthesis was successful. 0 errors, 20 warnings
    Info: Peak virtual memory: 4847 megabytes
    Info: Processing ended: Mon May 23 12:04:38 2022
    Info: Elapsed time: 00:00:08
    Info: Total CPU time (on all processors): 00:00:20


